#
# A fatal error has been detected by the Java Runtime Environment:
#
#  EXCEPTION_ACCESS_VIOLATION (0xc0000005) at pc=0x00007ffc870dd118, pid=2728, tid=6628
#
# JRE version: OpenJDK Runtime Environment (17.0.9) (build 17.0.9+0--11185874)
# Java VM: OpenJDK 64-Bit Server VM (17.0.9+0--11185874, mixed mode, tiered, compressed oops, compressed class ptrs, g1 gc, windows-amd64)
# Problematic frame:
# V  [jvm.dll+0x6ad118]
#
# No core dump will be written. Minidumps are not enabled by default on client versions of Windows
#
# If you would like to submit a bug report, please visit:
#   https://bugreport.java.com/bugreport/crash.jsp
#

---------------  S U M M A R Y ------------

Command Line: --add-opens=java.base/java.util=ALL-UNNAMED --add-opens=java.base/java.lang=ALL-UNNAMED --add-opens=java.base/java.lang.invoke=ALL-UNNAMED --add-opens=java.prefs/java.util.prefs=ALL-UNNAMED --add-opens=java.base/java.nio.charset=ALL-UNNAMED --add-opens=java.base/java.net=ALL-UNNAMED --add-opens=java.base/java.util.concurrent.atomic=ALL-UNNAMED -Xmx2048m -Dfile.encoding=UTF-8 -Duser.country=US -Duser.language=en -Duser.variant -javaagent:C:\Users\Alif Fikri\.gradle\wrapper\dists\gradle-8.4-bin\1w5dpkrfk8irigvoxmyhowfim\gradle-8.4\lib\agents\gradle-instrumentation-agent-8.4.jar org.gradle.launcher.daemon.bootstrap.GradleDaemon 8.4

Host: AMD Ryzen 3 3200U with Radeon Vega Mobile Gfx  , 4 cores, 17G,  Windows 11 , 64 bit Build 22621 (10.0.22621.3374)
Time: Mon Apr 22 13:49:39 2024 SE Asia Standard Time elapsed time: 11.881337 seconds (0d 0h 0m 11s)

---------------  T H R E A D  ---------------

Current thread (0x000002666fa969b0):  JavaThread "C2 CompilerThread0" daemon [_thread_in_native, id=6628, stack(0x0000006a0c400000,0x0000006a0c500000)]


Current CompileTask:
C2:  11881 4152       4       java.lang.ClassLoader::getNamedPackage (73 bytes)

Stack: [0x0000006a0c400000,0x0000006a0c500000],  sp=0x0000006a0c4fb280,  free space=1004k
Native frames: (J=compiled Java code, j=interpreted, Vv=VM code, C=native code)
V  [jvm.dll+0x6ad118]
V  [jvm.dll+0x6ab65f]
V  [jvm.dll+0x21fad5]
V  [jvm.dll+0x21d0c1]
V  [jvm.dll+0x1a674d]
V  [jvm.dll+0x22d088]
V  [jvm.dll+0x22b1c0]
V  [jvm.dll+0x7f62f7]
V  [jvm.dll+0x7f06aa]
V  [jvm.dll+0x687565]
C  [ucrtbase.dll+0x29333]
C  [KERNEL32.DLL+0x1257d]
C  [ntdll.dll+0x5aa48]


siginfo: EXCEPTION_ACCESS_VIOLATION (0xc0000005), reading address 0x000000000000002c


Registers:
RAX=0x0000000000000004, RBX=0x000002666face390, RCX=0x0000026678394530, RDX=0x00000266795bcebc
RSP=0x0000006a0c4fb280, RBP=0x0000006a0c4fb319, RSI=0x00000266563c30b0, RDI=0x0000000000000003
R8 =0x0000000000000008, R9 =0x0000026675ee26d0, R10=0x00000266783926e0, R11=0x0000006a0c4fb1f8
R12=0x0000026678394530, R13=0x0000006a0c4fc9d0, R14=0x0000026678393318, R15=0x0000000000000000
RIP=0x00007ffc870dd118, EFLAGS=0x0000000000010297


Register to memory mapping:

RIP=0x00007ffc870dd118 jvm.dll
RAX=0x0000000000000004 is an unknown value
RBX=0x000002666face390 points into unknown readable memory: 0x00007ffc872df2e0 | e0 f2 2d 87 fc 7f 00 00
RCX=0x0000026678394530 points into unknown readable memory: 0x0000000000000004 | 04 00 00 00 00 00 00 00
RDX=0x00000266795bcebc points into unknown readable memory: 08 00 00 80
RSP=0x0000006a0c4fb280 is pointing into the stack for thread: 0x000002666fa969b0
RBP=0x0000006a0c4fb319 is pointing into the stack for thread: 0x000002666fa969b0
RSI=0x00000266563c30b0 points into unknown readable memory: 0x00007ffc873907b0 | b0 07 39 87 fc 7f 00 00
RDI=0x0000000000000003 is an unknown value
R8 =0x0000000000000008 is an unknown value
R9 =0x0000026675ee26d0 points into unknown readable memory: 0x000002666face390 | 90 e3 ac 6f 66 02 00 00
R10=0x00000266783926e0 points into unknown readable memory: 0x0000000000000000 | 00 00 00 00 00 00 00 00
R11=0x0000006a0c4fb1f8 is pointing into the stack for thread: 0x000002666fa969b0
R12=0x0000026678394530 points into unknown readable memory: 0x0000000000000004 | 04 00 00 00 00 00 00 00
R13=0x0000006a0c4fc9d0 is pointing into the stack for thread: 0x000002666fa969b0
R14=0x0000026678393318 points into unknown readable memory: 0x00007ffc873d9ec8 | c8 9e 3d 87 fc 7f 00 00
R15=0x0 is NULL


Top of Stack: (sp=0x0000006a0c4fb280)
0x0000006a0c4fb280:   000000000000001a 00000266563c30b0
0x0000006a0c4fb290:   0000006a0c4fb319 00000266563c30b0
0x0000006a0c4fb2a0:   0000000000000000 0000000000000000
0x0000006a0c4fb2b0:   000002666fa7b2e0 0000000000000200
0x0000006a0c4fb2c0:   00000266795bd010 00007ffc00000028
0x0000006a0c4fb2d0:   0000006a00000080 00000266795bce10
0x0000006a0c4fb2e0:   0000000000000080 000002666fa7b2e0
0x0000006a0c4fb2f0:   000002660000001b 00007ffc8722eda7
0x0000006a0c4fb300:   0000026678394530 0000026678396778
0x0000006a0c4fb310:   0000026678392a70 0000026678396788
0x0000006a0c4fb320:   0000006a0c4fd3f8 00007ffc86c575c1
0x0000006a0c4fb330:   0000026600000000 000002666f9a7d30
0x0000006a0c4fb340:   0000000000000000 00000266563c30b0
0x0000006a0c4fb350:   0000000000000050 0000006a0c4fc9d0
0x0000006a0c4fb360:   0000000000000000 0000006a0c4fb570
0x0000006a0c4fb370:   0000006a0c4fb4b0 00007ffc870db65f
0x0000006a0c4fb380:   0000006a0c4fc9d0 0000000000000000
0x0000006a0c4fb390:   0000026678393318 00000266563c30b0
0x0000006a0c4fb3a0:   00007ffc8737df40 00007ffc86c4fad5
0x0000006a0c4fb3b0:   0000006a0c4fe530 0000000000000000
0x0000006a0c4fb3c0:   0000000000000000 0000006a0c4fb4b0
0x0000006a0c4fb3d0:   0000000000000000 00000266615cd780
0x0000006a0c4fb3e0:   00000266615c0000 0000000000000000
0x0000006a0c4fb3f0:   0000000000000000 0000000000000000
0x0000006a0c4fb400:   00000266615cd780 00007ffc8737df40
0x0000006a0c4fb410:   0000000000000000 0000006a0c4fe530
0x0000006a0c4fb420:   0000000000000000 00007ffc8737df40
0x0000006a0c4fb430:   00000266615cd800 00007ffc86c64db8
0x0000006a0c4fb440:   0000000000000000 0000006a0c4fcaa8
0x0000006a0c4fb450:   00000266795a0000 0000000000000000
0x0000006a0c4fb460:   00000266615cd610 00007ffc87090400
0x0000006a0c4fb470:   00000266615cd610 00007ffc8737df40 

Instructions: (pc=0x00007ffc870dd118)
0x00007ffc870dd018:   9f 72 0b 8b d3 48 8d 4d 97 e8 ea 89 fb ff 48 8b
0x00007ffc870dd028:   45 a7 48 89 3c d8 48 83 c6 08 49 3b f7 0f 82 75
0x00007ffc870dd038:   ff ff ff 41 8b 4c 24 2c 83 e1 07 80 f9 07 0f 85
0x00007ffc870dd048:   b8 00 00 00 49 8b 7c 24 10 41 8b 44 24 20 4c 8d
0x00007ffc870dd058:   3c c7 49 3b ff 0f 83 a1 00 00 00 0f 1f 40 00 66
0x00007ffc870dd068:   0f 1f 84 00 00 00 00 00 48 8b 0f 8b 41 2c 24 0f
0x00007ffc870dd078:   3c 08 0f 85 77 00 00 00 83 79 38 00 75 71 ba 3d
0x00007ffc870dd088:   00 00 00 e8 80 86 fb ff 4c 8b f0 48 85 c0 74 5f
0x00007ffc870dd098:   8b 70 28 8b de c1 eb 05 3b 5d b7 72 0b 8b d3 48
0x00007ffc870dd0a8:   8d 4d b7 e8 70 d6 17 00 48 8b 45 bf 83 e6 1f 48
0x00007ffc870dd0b8:   8d 14 98 40 0f b6 ce 41 b8 01 00 00 00 41 d3 e0
0x00007ffc870dd0c8:   8b 0a 8b c1 41 0b c0 89 02 41 85 c8 75 21 8b 5d
0x00007ffc870dd0d8:   af 8d 43 01 89 45 af 3b 5d 9f 72 0b 8b d3 48 8d
0x00007ffc870dd0e8:   4d 97 e8 21 89 fb ff 48 8b 45 a7 4c 89 34 d8 48
0x00007ffc870dd0f8:   83 c7 08 49 3b ff 0f 82 6c ff ff ff 41 8b 4c 24
0x00007ffc870dd108:   28 49 8b 45 50 48 8b 1c c8 49 8b cc 49 8b 04 24
0x00007ffc870dd118:   ff 50 28 48 3b c3 74 61 41 8b 7c 24 28 8b df c1
0x00007ffc870dd128:   eb 05 3b 5d b7 72 0b 8b d3 48 8d 4d b7 e8 e6 d5
0x00007ffc870dd138:   17 00 48 8b 45 bf 83 e7 1f 48 8d 14 98 40 0f b6
0x00007ffc870dd148:   cf 41 b8 01 00 00 00 41 d3 e0 8b 0a 8b c1 41 0b
0x00007ffc870dd158:   c0 89 02 41 85 c8 75 21 8b 5d af 8d 43 01 89 45
0x00007ffc870dd168:   af 3b 5d 9f 72 0b 8b d3 48 8d 4d 97 e8 97 88 fb
0x00007ffc870dd178:   ff 48 8b 45 a7 4c 89 24 d8 49 8b 04 24 49 8b cc
0x00007ffc870dd188:   ff 10 44 8b e8 83 f8 17 74 0b 3d 3d 01 00 00 0f
0x00007ffc870dd198:   85 c0 00 00 00 49 8b 74 24 10 41 8b 4c 24 20 4c
0x00007ffc870dd1a8:   8d 3c ce 49 3b f7 0f 83 a9 00 00 00 4c 8b 65 67
0x00007ffc870dd1b8:   0f 1f 84 00 00 00 00 00 48 8b 3e 48 8b cf 48 8b
0x00007ffc870dd1c8:   07 ff 10 83 f8 54 75 7c 8b 4f 28 49 8b 44 24 50
0x00007ffc870dd1d8:   48 8b 1c c8 48 8b cf 48 8b 07 ff 50 28 48 3b c3
0x00007ffc870dd1e8:   74 62 44 8b 77 28 41 8b de c1 eb 05 3b 5d b7 72
0x00007ffc870dd1f8:   0b 8b d3 48 8d 4d b7 e8 1c d5 17 00 48 8b 45 bf
0x00007ffc870dd208:   41 83 e6 1f 48 8d 14 98 41 0f b6 ce 41 b8 01 00 


Stack slot to memory mapping:
stack at sp + 0 slots: 0x000000000000001a is an unknown value
stack at sp + 1 slots: 0x00000266563c30b0 points into unknown readable memory: 0x00007ffc873907b0 | b0 07 39 87 fc 7f 00 00
stack at sp + 2 slots: 0x0000006a0c4fb319 is pointing into the stack for thread: 0x000002666fa969b0
stack at sp + 3 slots: 0x00000266563c30b0 points into unknown readable memory: 0x00007ffc873907b0 | b0 07 39 87 fc 7f 00 00
stack at sp + 4 slots: 0x0 is NULL
stack at sp + 5 slots: 0x0 is NULL
stack at sp + 6 slots: 0x000002666fa7b2e0 points into unknown readable memory: 0x7265666600000006 | 06 00 00 00 66 66 65 72
stack at sp + 7 slots: 0x0000000000000200 is an unknown value


---------------  P R O C E S S  ---------------

Threads class SMR info:
_java_thread_list=0x0000026674b47270, length=40, elements={
0x00000266563ac270, 0x000002666fa72010, 0x000002666fa35a30, 0x000002666fa60730,
0x000002666fa80690, 0x000002666fa93010, 0x000002666fa95d00, 0x000002666fa969b0,
0x000002666fa9b140, 0x000002666fb1aca0, 0x000002666fbd1420, 0x000002666fd31e30,
0x000002667575ffe0, 0x0000026675b7b850, 0x0000026675507580, 0x00000266762eafa0,
0x0000026675c812b0, 0x0000026674ad32c0, 0x00000266763a8050, 0x0000026675c7d250,
0x0000026675c7c320, 0x0000026675c79aa0, 0x0000026675c7b3f0, 0x0000026675c7cd40,
0x0000026675c7c830, 0x0000026675c7aee0, 0x0000026675c7a4c0, 0x0000026675c7a9d0,
0x0000026675c7b900, 0x0000026675c7be10, 0x00000266766aa3c0, 0x00000266766a8050,
0x00000266766a99a0, 0x0000026674e61ce0, 0x00000266766a8a70, 0x00000266766a9eb0,
0x00000266766adb70, 0x00000266766aa8d0, 0x00000266766a8f80, 0x00000266766a8560
}

Java Threads: ( => current thread )
  0x00000266563ac270 JavaThread "main" [_thread_blocked, id=11392, stack(0x0000006a0b700000,0x0000006a0b800000)]
  0x000002666fa72010 JavaThread "Reference Handler" daemon [_thread_blocked, id=2768, stack(0x0000006a0be00000,0x0000006a0bf00000)]
  0x000002666fa35a30 JavaThread "Finalizer" daemon [_thread_blocked, id=3940, stack(0x0000006a0bf00000,0x0000006a0c000000)]
  0x000002666fa60730 JavaThread "Signal Dispatcher" daemon [_thread_blocked, id=10412, stack(0x0000006a0c000000,0x0000006a0c100000)]
  0x000002666fa80690 JavaThread "Attach Listener" daemon [_thread_blocked, id=3360, stack(0x0000006a0c100000,0x0000006a0c200000)]
  0x000002666fa93010 JavaThread "Service Thread" daemon [_thread_blocked, id=11556, stack(0x0000006a0c200000,0x0000006a0c300000)]
  0x000002666fa95d00 JavaThread "Monitor Deflation Thread" daemon [_thread_blocked, id=10948, stack(0x0000006a0c300000,0x0000006a0c400000)]
=>0x000002666fa969b0 JavaThread "C2 CompilerThread0" daemon [_thread_in_native, id=6628, stack(0x0000006a0c400000,0x0000006a0c500000)]
  0x000002666fa9b140 JavaThread "C1 CompilerThread0" daemon [_thread_blocked, id=6952, stack(0x0000006a0c500000,0x0000006a0c600000)]
  0x000002666fb1aca0 JavaThread "Sweeper thread" daemon [_thread_blocked, id=6348, stack(0x0000006a0c600000,0x0000006a0c700000)]
  0x000002666fbd1420 JavaThread "Common-Cleaner" daemon [_thread_blocked, id=5204, stack(0x0000006a0c700000,0x0000006a0c800000)]
  0x000002666fd31e30 JavaThread "Notification Thread" daemon [_thread_blocked, id=5780, stack(0x0000006a0c800000,0x0000006a0c900000)]
  0x000002667575ffe0 JavaThread "Daemon health stats" [_thread_blocked, id=12104, stack(0x0000006a0ce00000,0x0000006a0cf00000)]
  0x0000026675b7b850 JavaThread "Incoming local TCP Connector on port 51869" [_thread_in_native, id=6956, stack(0x0000006a0cf00000,0x0000006a0d000000)]
  0x0000026675507580 JavaThread "Daemon periodic checks" [_thread_blocked, id=8264, stack(0x0000006a0d000000,0x0000006a0d100000)]
  0x00000266762eafa0 JavaThread "Daemon" [_thread_blocked, id=1824, stack(0x0000006a0d100000,0x0000006a0d200000)]
  0x0000026675c812b0 JavaThread "Handler for socket connection from /127.0.0.1:51869 to /127.0.0.1:51870" [_thread_in_native, id=6100, stack(0x0000006a0d200000,0x0000006a0d300000)]
  0x0000026674ad32c0 JavaThread "Cancel handler" [_thread_blocked, id=7160, stack(0x0000006a0d300000,0x0000006a0d400000)]
  0x00000266763a8050 JavaThread "Daemon worker" [_thread_in_Java, id=5236, stack(0x0000006a0d400000,0x0000006a0d500000)]
  0x0000026675c7d250 JavaThread "Asynchronous log dispatcher for DefaultDaemonConnection: socket connection from /127.0.0.1:51869 to /127.0.0.1:51870" [_thread_blocked, id=3916, stack(0x0000006a0d500000,0x0000006a0d600000)]
  0x0000026675c7c320 JavaThread "Stdin handler" [_thread_blocked, id=10644, stack(0x0000006a0d600000,0x0000006a0d700000)]
  0x0000026675c79aa0 JavaThread "Daemon client event forwarder" [_thread_blocked, id=244, stack(0x0000006a0d700000,0x0000006a0d800000)]
  0x0000026675c7b3f0 JavaThread "Cache worker for journal cache (C:\Users\Alif Fikri\.gradle\caches\journal-1)" [_thread_blocked, id=7736, stack(0x0000006a0d800000,0x0000006a0d900000)]
  0x0000026675c7cd40 JavaThread "File lock request listener" [_thread_in_native, id=10788, stack(0x0000006a0d900000,0x0000006a0da00000)]
  0x0000026675c7c830 JavaThread "Cache worker for file hash cache (C:\Users\Alif Fikri\.gradle\caches\8.4\fileHashes)" [_thread_blocked, id=5340, stack(0x0000006a0da00000,0x0000006a0db00000)]
  0x0000026675c7aee0 JavaThread "File watcher server" daemon [_thread_in_native, id=7324, stack(0x0000006a0db00000,0x0000006a0dc00000)]
  0x0000026675c7a4c0 JavaThread "File watcher consumer" daemon [_thread_blocked, id=1744, stack(0x0000006a0dc00000,0x0000006a0dd00000)]
  0x0000026675c7a9d0 JavaThread "Cache worker for checksums cache (C:\Users\Alif Fikri\testi\.gradle\8.4\checksums)" [_thread_blocked, id=12284, stack(0x0000006a0ca00000,0x0000006a0cb00000)]
  0x0000026675c7b900 JavaThread "Cache worker for file hash cache (C:\Users\Alif Fikri\testi\.gradle\8.4\fileHashes)" [_thread_blocked, id=10832, stack(0x0000006a0dd00000,0x0000006a0de00000)]
  0x0000026675c7be10 JavaThread "Cache worker for cache directory md-supplier (C:\Users\Alif Fikri\.gradle\caches\8.4\md-supplier)" [_thread_blocked, id=7224, stack(0x0000006a0de00000,0x0000006a0df00000)]
  0x00000266766aa3c0 JavaThread "Cache worker for file content cache (C:\Users\Alif Fikri\.gradle\caches\8.4\fileContent)" [_thread_blocked, id=2256, stack(0x0000006a0df00000,0x0000006a0e000000)]
  0x00000266766a8050 JavaThread "Cache worker for cache directory md-rule (C:\Users\Alif Fikri\.gradle\caches\8.4\md-rule)" [_thread_blocked, id=4276, stack(0x0000006a0e000000,0x0000006a0e100000)]
  0x00000266766a99a0 JavaThread "Cache worker for execution history cache (C:\Users\Alif Fikri\.gradle\caches\8.4\executionHistory)" [_thread_blocked, id=10532, stack(0x0000006a0e100000,0x0000006a0e200000)]
  0x0000026674e61ce0 JavaThread "C2 CompilerThread1" daemon [_thread_in_native, id=6440, stack(0x0000006a0e200000,0x0000006a0e300000)]
  0x00000266766a8a70 JavaThread "Cache worker for kotlin-dsl (C:\Users\Alif Fikri\.gradle\caches\8.4\kotlin-dsl)" [_thread_blocked, id=8960, stack(0x0000006a0e300000,0x0000006a0e400000)]
  0x00000266766a9eb0 JavaThread "jar transforms" [_thread_blocked, id=10808, stack(0x0000006a0e400000,0x0000006a0e500000)]
  0x00000266766adb70 JavaThread "jar transforms Thread 2" [_thread_blocked, id=11992, stack(0x0000006a0e500000,0x0000006a0e600000)]
  0x00000266766aa8d0 JavaThread "jar transforms Thread 3" [_thread_blocked, id=1576, stack(0x0000006a0e600000,0x0000006a0e700000)]
  0x00000266766a8f80 JavaThread "jar transforms Thread 4" [_thread_blocked, id=5704, stack(0x0000006a0e700000,0x0000006a0e800000)]
  0x00000266766a8560 JavaThread "Cache worker for dependencies-accessors (C:\Users\Alif Fikri\testi\.gradle\8.4\dependencies-accessors)" [_thread_blocked, id=10932, stack(0x0000006a0e800000,0x0000006a0e900000)]

Other Threads:
  0x000002666f9ae7a0 VMThread "VM Thread" [stack: 0x0000006a0bd00000,0x0000006a0be00000] [id=12196]
  0x000002666fdad750 WatcherThread [stack: 0x0000006a0c900000,0x0000006a0ca00000] [id=7172]
  0x0000026656408090 GCTaskThread "GC Thread#0" [stack: 0x0000006a0b800000,0x0000006a0b900000] [id=1604]
  0x000002667405be00 GCTaskThread "GC Thread#1" [stack: 0x0000006a0cb00000,0x0000006a0cc00000] [id=1368]
  0x00000266741a0190 GCTaskThread "GC Thread#2" [stack: 0x0000006a0cc00000,0x0000006a0cd00000] [id=9432]
  0x00000266741a0450 GCTaskThread "GC Thread#3" [stack: 0x0000006a0cd00000,0x0000006a0ce00000] [id=7648]
  0x0000026656418fe0 ConcurrentGCThread "G1 Main Marker" [stack: 0x0000006a0b900000,0x0000006a0ba00000] [id=12160]
  0x0000026656419a00 ConcurrentGCThread "G1 Conc#0" [stack: 0x0000006a0ba00000,0x0000006a0bb00000] [id=10776]
  0x000002665645db00 ConcurrentGCThread "G1 Refine#0" [stack: 0x0000006a0bb00000,0x0000006a0bc00000] [id=9464]
  0x000002665645e530 ConcurrentGCThread "G1 Service" [stack: 0x0000006a0bc00000,0x0000006a0bd00000] [id=8860]

Threads with active compile tasks:
C2 CompilerThread0    11958 4152       4       java.lang.ClassLoader::getNamedPackage (73 bytes)
C2 CompilerThread1    11958 4336       4       java.lang.String::split (327 bytes)

VM state: not at safepoint (normal execution)

VM Mutex/Monitor currently owned by a thread: None

Heap address: 0x0000000080000000, size: 2048 MB, Compressed Oops mode: 32-bit

CDS archive(s) not mapped
Compressed class space mapped at: 0x0000000100000000-0x0000000140000000, reserved size: 1073741824
Narrow klass base: 0x0000000000000000, Narrow klass shift: 3, Narrow klass range: 0x140000000

GC Precious Log:
 CPUs: 4 total, 4 available
 Memory: 18382M
 Large Page Support: Disabled
 NUMA Support: Disabled
 Compressed Oops: Enabled (32-bit)
 Heap Region Size: 1M
 Heap Min Capacity: 8M
 Heap Initial Capacity: 288M
 Heap Max Capacity: 2G
 Pre-touch: Disabled
 Parallel Workers: 4
 Concurrent Workers: 1
 Concurrent Refinement Workers: 4
 Periodic GC: Disabled

Heap:
 garbage-first heap   total 182272K, used 111336K [0x0000000080000000, 0x0000000100000000)
  region size 1024K, 82 young (83968K), 1 survivors (1024K)
 Metaspace       used 49926K, committed 50368K, reserved 1114112K
  class space    used 6755K, committed 6976K, reserved 1048576K

Heap Regions: E=young(eden), S=young(survivor), O=old, HS=humongous(starts), HC=humongous(continues), CS=collection set, F=free, OA=open archive, CA=closed archive, TAMS=top-at-mark-start (previous, next)
|   0|0x0000000080000000, 0x0000000080100000, 0x0000000080100000|100%| O|  |TAMS 0x0000000080100000, 0x0000000080000000| Untracked 
|   1|0x0000000080100000, 0x0000000080200000, 0x0000000080200000|100%| O|  |TAMS 0x0000000080200000, 0x0000000080100000| Untracked 
|   2|0x0000000080200000, 0x0000000080300000, 0x0000000080300000|100%|HS|  |TAMS 0x0000000080300000, 0x0000000080200000| Complete 
|   3|0x0000000080300000, 0x0000000080400000, 0x0000000080400000|100%|HC|  |TAMS 0x0000000080400000, 0x0000000080300000| Complete 
|   4|0x0000000080400000, 0x0000000080500000, 0x0000000080500000|100%|HC|  |TAMS 0x0000000080500000, 0x0000000080400000| Complete 
|   5|0x0000000080500000, 0x0000000080600000, 0x0000000080600000|100%|HC|  |TAMS 0x0000000080600000, 0x0000000080500000| Complete 
|   6|0x0000000080600000, 0x0000000080700000, 0x0000000080700000|100%| O|  |TAMS 0x0000000080700000, 0x0000000080600000| Untracked 
|   7|0x0000000080700000, 0x0000000080800000, 0x0000000080800000|100%| O|  |TAMS 0x0000000080800000, 0x0000000080700000| Untracked 
|   8|0x0000000080800000, 0x0000000080900000, 0x0000000080900000|100%| O|  |TAMS 0x0000000080900000, 0x0000000080800000| Untracked 
|   9|0x0000000080900000, 0x0000000080a00000, 0x0000000080a00000|100%| O|  |TAMS 0x0000000080a00000, 0x0000000080900000| Untracked 
|  10|0x0000000080a00000, 0x0000000080b00000, 0x0000000080b00000|100%| O|  |TAMS 0x0000000080b00000, 0x0000000080a00000| Untracked 
|  11|0x0000000080b00000, 0x0000000080c00000, 0x0000000080c00000|100%| O|  |TAMS 0x0000000080b00000, 0x0000000080b00000| Untracked 
|  12|0x0000000080c00000, 0x0000000080d00000, 0x0000000080d00000|100%| O|  |TAMS 0x0000000080d00000, 0x0000000080c00000| Untracked 
|  13|0x0000000080d00000, 0x0000000080e00000, 0x0000000080e00000|100%| O|  |TAMS 0x0000000080e00000, 0x0000000080d00000| Untracked 
|  14|0x0000000080e00000, 0x0000000080f00000, 0x0000000080f00000|100%| O|  |TAMS 0x0000000080f00000, 0x0000000080e00000| Untracked 
|  15|0x0000000080f00000, 0x0000000081000000, 0x0000000081000000|100%| O|  |TAMS 0x0000000081000000, 0x0000000080f00000| Untracked 
|  16|0x0000000081000000, 0x0000000081100000, 0x0000000081100000|100%| O|  |TAMS 0x0000000081100000, 0x0000000081000000| Untracked 
|  17|0x0000000081100000, 0x0000000081200000, 0x0000000081200000|100%| O|  |TAMS 0x0000000081200000, 0x0000000081100000| Untracked 
|  18|0x0000000081200000, 0x0000000081300000, 0x0000000081300000|100%| O|  |TAMS 0x0000000081300000, 0x0000000081200000| Untracked 
|  19|0x0000000081300000, 0x0000000081400000, 0x0000000081400000|100%| O|  |TAMS 0x0000000081400000, 0x0000000081300000| Untracked 
|  20|0x0000000081400000, 0x0000000081500000, 0x0000000081500000|100%|HS|  |TAMS 0x0000000081400000, 0x0000000081400000| Complete 
|  21|0x0000000081500000, 0x0000000081600000, 0x0000000081600000|100%| O|  |TAMS 0x0000000081500000, 0x0000000081500000| Untracked 
|  22|0x0000000081600000, 0x0000000081700000, 0x0000000081700000|100%| O|  |TAMS 0x0000000081600000, 0x0000000081600000| Untracked 
|  23|0x0000000081700000, 0x0000000081800000, 0x0000000081800000|100%| O|  |TAMS 0x0000000081700000, 0x0000000081700000| Untracked 
|  24|0x0000000081800000, 0x0000000081900000, 0x0000000081900000|100%| O|  |TAMS 0x0000000081800000, 0x0000000081800000| Untracked 
|  25|0x0000000081900000, 0x0000000081a00000, 0x0000000081a00000|100%| O|  |TAMS 0x0000000081900000, 0x0000000081900000| Untracked 
|  26|0x0000000081a00000, 0x0000000081b00000, 0x0000000081b00000|100%| O|  |TAMS 0x0000000081a00000, 0x0000000081a00000| Untracked 
|  27|0x0000000081b00000, 0x0000000081c00000, 0x0000000081c00000|100%| O|  |TAMS 0x0000000081b00000, 0x0000000081b00000| Untracked 
|  28|0x0000000081c00000, 0x0000000081c08200, 0x0000000081d00000|  3%| O|  |TAMS 0x0000000081c00000, 0x0000000081c00000| Untracked 
|  29|0x0000000081d00000, 0x0000000081e00000, 0x0000000081e00000|100%|HS|  |TAMS 0x0000000081d00000, 0x0000000081d00000| Complete 
|  30|0x0000000081e00000, 0x0000000081e00000, 0x0000000081f00000|  0%| F|  |TAMS 0x0000000081e00000, 0x0000000081e00000| Untracked 
|  31|0x0000000081f00000, 0x0000000081f00000, 0x0000000082000000|  0%| F|  |TAMS 0x0000000081f00000, 0x0000000081f00000| Untracked 
|  32|0x0000000082000000, 0x0000000082000000, 0x0000000082100000|  0%| F|  |TAMS 0x0000000082000000, 0x0000000082000000| Untracked 
|  33|0x0000000082100000, 0x0000000082100000, 0x0000000082200000|  0%| F|  |TAMS 0x0000000082100000, 0x0000000082100000| Untracked 
|  34|0x0000000082200000, 0x0000000082200000, 0x0000000082300000|  0%| F|  |TAMS 0x0000000082200000, 0x0000000082200000| Untracked 
|  35|0x0000000082300000, 0x0000000082300000, 0x0000000082400000|  0%| F|  |TAMS 0x0000000082300000, 0x0000000082300000| Untracked 
|  36|0x0000000082400000, 0x0000000082400000, 0x0000000082500000|  0%| F|  |TAMS 0x0000000082400000, 0x0000000082400000| Untracked 
|  37|0x0000000082500000, 0x0000000082500000, 0x0000000082600000|  0%| F|  |TAMS 0x0000000082500000, 0x0000000082500000| Untracked 
|  38|0x0000000082600000, 0x0000000082600000, 0x0000000082700000|  0%| F|  |TAMS 0x0000000082600000, 0x0000000082600000| Untracked 
|  39|0x0000000082700000, 0x0000000082700000, 0x0000000082800000|  0%| F|  |TAMS 0x0000000082700000, 0x0000000082700000| Untracked 
|  40|0x0000000082800000, 0x0000000082800000, 0x0000000082900000|  0%| F|  |TAMS 0x0000000082800000, 0x0000000082800000| Untracked 
|  41|0x0000000082900000, 0x0000000082900000, 0x0000000082a00000|  0%| F|  |TAMS 0x0000000082900000, 0x0000000082900000| Untracked 
|  42|0x0000000082a00000, 0x0000000082a00000, 0x0000000082b00000|  0%| F|  |TAMS 0x0000000082a00000, 0x0000000082a00000| Untracked 
|  43|0x0000000082b00000, 0x0000000082b00000, 0x0000000082c00000|  0%| F|  |TAMS 0x0000000082b00000, 0x0000000082b00000| Untracked 
|  44|0x0000000082c00000, 0x0000000082c00000, 0x0000000082d00000|  0%| F|  |TAMS 0x0000000082c00000, 0x0000000082c00000| Untracked 
|  45|0x0000000082d00000, 0x0000000082d00000, 0x0000000082e00000|  0%| F|  |TAMS 0x0000000082d00000, 0x0000000082d00000| Untracked 
|  46|0x0000000082e00000, 0x0000000082e00000, 0x0000000082f00000|  0%| F|  |TAMS 0x0000000082e00000, 0x0000000082e00000| Untracked 
|  47|0x0000000082f00000, 0x0000000082f00000, 0x0000000083000000|  0%| F|  |TAMS 0x0000000082f00000, 0x0000000082f00000| Untracked 
|  48|0x0000000083000000, 0x0000000083000000, 0x0000000083100000|  0%| F|  |TAMS 0x0000000083000000, 0x0000000083000000| Untracked 
|  49|0x0000000083100000, 0x0000000083100000, 0x0000000083200000|  0%| F|  |TAMS 0x0000000083100000, 0x0000000083100000| Untracked 
|  50|0x0000000083200000, 0x0000000083200000, 0x0000000083300000|  0%| F|  |TAMS 0x0000000083200000, 0x0000000083200000| Untracked 
|  51|0x0000000083300000, 0x0000000083300000, 0x0000000083400000|  0%| F|  |TAMS 0x0000000083300000, 0x0000000083300000| Untracked 
|  52|0x0000000083400000, 0x0000000083400000, 0x0000000083500000|  0%| F|  |TAMS 0x0000000083400000, 0x0000000083400000| Untracked 
|  53|0x0000000083500000, 0x0000000083500000, 0x0000000083600000|  0%| F|  |TAMS 0x0000000083500000, 0x0000000083500000| Untracked 
|  54|0x0000000083600000, 0x0000000083600000, 0x0000000083700000|  0%| F|  |TAMS 0x0000000083600000, 0x0000000083600000| Untracked 
|  55|0x0000000083700000, 0x0000000083700000, 0x0000000083800000|  0%| F|  |TAMS 0x0000000083700000, 0x0000000083700000| Untracked 
|  56|0x0000000083800000, 0x0000000083800000, 0x0000000083900000|  0%| F|  |TAMS 0x0000000083800000, 0x0000000083800000| Untracked 
|  57|0x0000000083900000, 0x0000000083900000, 0x0000000083a00000|  0%| F|  |TAMS 0x0000000083900000, 0x0000000083900000| Untracked 
|  58|0x0000000083a00000, 0x0000000083a00000, 0x0000000083b00000|  0%| F|  |TAMS 0x0000000083a00000, 0x0000000083a00000| Untracked 
|  59|0x0000000083b00000, 0x0000000083b00000, 0x0000000083c00000|  0%| F|  |TAMS 0x0000000083b00000, 0x0000000083b00000| Untracked 
|  60|0x0000000083c00000, 0x0000000083c00000, 0x0000000083d00000|  0%| F|  |TAMS 0x0000000083c00000, 0x0000000083c00000| Untracked 
|  61|0x0000000083d00000, 0x0000000083d00000, 0x0000000083e00000|  0%| F|  |TAMS 0x0000000083d00000, 0x0000000083d00000| Untracked 
|  62|0x0000000083e00000, 0x0000000083e00000, 0x0000000083f00000|  0%| F|  |TAMS 0x0000000083e00000, 0x0000000083e00000| Untracked 
|  63|0x0000000083f00000, 0x0000000083f00000, 0x0000000084000000|  0%| F|  |TAMS 0x0000000083f00000, 0x0000000083f00000| Untracked 
|  64|0x0000000084000000, 0x0000000084000000, 0x0000000084100000|  0%| F|  |TAMS 0x0000000084000000, 0x0000000084000000| Untracked 
|  65|0x0000000084100000, 0x0000000084100000, 0x0000000084200000|  0%| F|  |TAMS 0x0000000084100000, 0x0000000084100000| Untracked 
|  66|0x0000000084200000, 0x0000000084200000, 0x0000000084300000|  0%| F|  |TAMS 0x0000000084200000, 0x0000000084200000| Untracked 
|  67|0x0000000084300000, 0x0000000084300000, 0x0000000084400000|  0%| F|  |TAMS 0x0000000084300000, 0x0000000084300000| Untracked 
|  68|0x0000000084400000, 0x0000000084400000, 0x0000000084500000|  0%| F|  |TAMS 0x0000000084400000, 0x0000000084400000| Untracked 
|  69|0x0000000084500000, 0x0000000084500000, 0x0000000084600000|  0%| F|  |TAMS 0x0000000084500000, 0x0000000084500000| Untracked 
|  70|0x0000000084600000, 0x0000000084600000, 0x0000000084700000|  0%| F|  |TAMS 0x0000000084600000, 0x0000000084600000| Untracked 
|  71|0x0000000084700000, 0x0000000084700000, 0x0000000084800000|  0%| F|  |TAMS 0x0000000084700000, 0x0000000084700000| Untracked 
|  72|0x0000000084800000, 0x0000000084800000, 0x0000000084900000|  0%| F|  |TAMS 0x0000000084800000, 0x0000000084800000| Untracked 
|  73|0x0000000084900000, 0x0000000084900000, 0x0000000084a00000|  0%| F|  |TAMS 0x0000000084900000, 0x0000000084900000| Untracked 
|  74|0x0000000084a00000, 0x0000000084a00000, 0x0000000084b00000|  0%| F|  |TAMS 0x0000000084a00000, 0x0000000084a00000| Untracked 
|  75|0x0000000084b00000, 0x0000000084b00000, 0x0000000084c00000|  0%| F|  |TAMS 0x0000000084b00000, 0x0000000084b00000| Untracked 
|  76|0x0000000084c00000, 0x0000000084c00000, 0x0000000084d00000|  0%| F|  |TAMS 0x0000000084c00000, 0x0000000084c00000| Untracked 
|  77|0x0000000084d00000, 0x0000000084d00000, 0x0000000084e00000|  0%| F|  |TAMS 0x0000000084d00000, 0x0000000084d00000| Untracked 
|  78|0x0000000084e00000, 0x0000000084e00000, 0x0000000084f00000|  0%| F|  |TAMS 0x0000000084e00000, 0x0000000084e00000| Untracked 
|  79|0x0000000084f00000, 0x0000000084f00000, 0x0000000085000000|  0%| F|  |TAMS 0x0000000084f00000, 0x0000000084f00000| Untracked 
|  80|0x0000000085000000, 0x0000000085000000, 0x0000000085100000|  0%| F|  |TAMS 0x0000000085000000, 0x0000000085000000| Untracked 
|  81|0x0000000085100000, 0x0000000085100000, 0x0000000085200000|  0%| F|  |TAMS 0x0000000085100000, 0x0000000085100000| Untracked 
|  82|0x0000000085200000, 0x0000000085200000, 0x0000000085300000|  0%| F|  |TAMS 0x0000000085200000, 0x0000000085200000| Untracked 
|  83|0x0000000085300000, 0x0000000085300000, 0x0000000085400000|  0%| F|  |TAMS 0x0000000085300000, 0x0000000085300000| Untracked 
|  84|0x0000000085400000, 0x0000000085400000, 0x0000000085500000|  0%| F|  |TAMS 0x0000000085400000, 0x0000000085400000| Untracked 
|  85|0x0000000085500000, 0x0000000085500000, 0x0000000085600000|  0%| F|  |TAMS 0x0000000085500000, 0x0000000085500000| Untracked 
|  86|0x0000000085600000, 0x0000000085600000, 0x0000000085700000|  0%| F|  |TAMS 0x0000000085600000, 0x0000000085600000| Untracked 
|  87|0x0000000085700000, 0x0000000085700000, 0x0000000085800000|  0%| F|  |TAMS 0x0000000085700000, 0x0000000085700000| Untracked 
|  88|0x0000000085800000, 0x0000000085800000, 0x0000000085900000|  0%| F|  |TAMS 0x0000000085800000, 0x0000000085800000| Untracked 
|  89|0x0000000085900000, 0x0000000085900000, 0x0000000085a00000|  0%| F|  |TAMS 0x0000000085900000, 0x0000000085900000| Untracked 
|  90|0x0000000085a00000, 0x0000000085a00000, 0x0000000085b00000|  0%| F|  |TAMS 0x0000000085a00000, 0x0000000085a00000| Untracked 
|  91|0x0000000085b00000, 0x0000000085b00000, 0x0000000085c00000|  0%| F|  |TAMS 0x0000000085b00000, 0x0000000085b00000| Untracked 
|  92|0x0000000085c00000, 0x0000000085c00000, 0x0000000085d00000|  0%| F|  |TAMS 0x0000000085c00000, 0x0000000085c00000| Untracked 
|  93|0x0000000085d00000, 0x0000000085d00000, 0x0000000085e00000|  0%| F|  |TAMS 0x0000000085d00000, 0x0000000085d00000| Untracked 
|  94|0x0000000085e00000, 0x0000000085e00000, 0x0000000085f00000|  0%| F|  |TAMS 0x0000000085e00000, 0x0000000085e00000| Untracked 
|  95|0x0000000085f00000, 0x0000000085f00000, 0x0000000086000000|  0%| F|  |TAMS 0x0000000085f00000, 0x0000000085f00000| Untracked 
|  96|0x0000000086000000, 0x0000000086100000, 0x0000000086100000|100%| E|  |TAMS 0x0000000086000000, 0x0000000086000000| Complete 
|  97|0x0000000086100000, 0x0000000086200000, 0x0000000086200000|100%| E|CS|TAMS 0x0000000086100000, 0x0000000086100000| Complete 
|  98|0x0000000086200000, 0x0000000086300000, 0x0000000086300000|100%| E|CS|TAMS 0x0000000086200000, 0x0000000086200000| Complete 
|  99|0x0000000086300000, 0x0000000086400000, 0x0000000086400000|100%| E|CS|TAMS 0x0000000086300000, 0x0000000086300000| Complete 
| 100|0x0000000086400000, 0x0000000086500000, 0x0000000086500000|100%| E|CS|TAMS 0x0000000086400000, 0x0000000086400000| Complete 
| 101|0x0000000086500000, 0x0000000086600000, 0x0000000086600000|100%| E|CS|TAMS 0x0000000086500000, 0x0000000086500000| Complete 
| 102|0x0000000086600000, 0x0000000086700000, 0x0000000086700000|100%| E|CS|TAMS 0x0000000086600000, 0x0000000086600000| Complete 
| 103|0x0000000086700000, 0x0000000086800000, 0x0000000086800000|100%| E|CS|TAMS 0x0000000086700000, 0x0000000086700000| Complete 
| 104|0x0000000086800000, 0x0000000086900000, 0x0000000086900000|100%| E|CS|TAMS 0x0000000086800000, 0x0000000086800000| Complete 
| 105|0x0000000086900000, 0x0000000086a00000, 0x0000000086a00000|100%| E|CS|TAMS 0x0000000086900000, 0x0000000086900000| Complete 
| 106|0x0000000086a00000, 0x0000000086b00000, 0x0000000086b00000|100%| E|CS|TAMS 0x0000000086a00000, 0x0000000086a00000| Complete 
| 107|0x0000000086b00000, 0x0000000086c00000, 0x0000000086c00000|100%| E|CS|TAMS 0x0000000086b00000, 0x0000000086b00000| Complete 
| 108|0x0000000086c00000, 0x0000000086d00000, 0x0000000086d00000|100%| E|CS|TAMS 0x0000000086c00000, 0x0000000086c00000| Complete 
| 109|0x0000000086d00000, 0x0000000086e00000, 0x0000000086e00000|100%| E|CS|TAMS 0x0000000086d00000, 0x0000000086d00000| Complete 
| 110|0x0000000086e00000, 0x0000000086f00000, 0x0000000086f00000|100%| E|CS|TAMS 0x0000000086e00000, 0x0000000086e00000| Complete 
| 111|0x0000000086f00000, 0x0000000087000000, 0x0000000087000000|100%| E|CS|TAMS 0x0000000086f00000, 0x0000000086f00000| Complete 
| 112|0x0000000087000000, 0x0000000087100000, 0x0000000087100000|100%| E|CS|TAMS 0x0000000087000000, 0x0000000087000000| Complete 
| 113|0x0000000087100000, 0x0000000087200000, 0x0000000087200000|100%| E|CS|TAMS 0x0000000087100000, 0x0000000087100000| Complete 
| 114|0x0000000087200000, 0x0000000087300000, 0x0000000087300000|100%| E|CS|TAMS 0x0000000087200000, 0x0000000087200000| Complete 
| 115|0x0000000087300000, 0x0000000087400000, 0x0000000087400000|100%| E|CS|TAMS 0x0000000087300000, 0x0000000087300000| Complete 
| 116|0x0000000087400000, 0x0000000087500000, 0x0000000087500000|100%| E|CS|TAMS 0x0000000087400000, 0x0000000087400000| Complete 
| 117|0x0000000087500000, 0x0000000087600000, 0x0000000087600000|100%| E|CS|TAMS 0x0000000087500000, 0x0000000087500000| Complete 
| 118|0x0000000087600000, 0x0000000087700000, 0x0000000087700000|100%| E|CS|TAMS 0x0000000087600000, 0x0000000087600000| Complete 
| 119|0x0000000087700000, 0x0000000087800000, 0x0000000087800000|100%| E|CS|TAMS 0x0000000087700000, 0x0000000087700000| Complete 
| 120|0x0000000087800000, 0x0000000087900000, 0x0000000087900000|100%| E|CS|TAMS 0x0000000087800000, 0x0000000087800000| Complete 
| 121|0x0000000087900000, 0x0000000087a00000, 0x0000000087a00000|100%| E|CS|TAMS 0x0000000087900000, 0x0000000087900000| Complete 
| 122|0x0000000087a00000, 0x0000000087b00000, 0x0000000087b00000|100%| E|CS|TAMS 0x0000000087a00000, 0x0000000087a00000| Complete 
| 123|0x0000000087b00000, 0x0000000087c00000, 0x0000000087c00000|100%| E|CS|TAMS 0x0000000087b00000, 0x0000000087b00000| Complete 
| 124|0x0000000087c00000, 0x0000000087d00000, 0x0000000087d00000|100%| E|CS|TAMS 0x0000000087c00000, 0x0000000087c00000| Complete 
| 125|0x0000000087d00000, 0x0000000087e00000, 0x0000000087e00000|100%| E|CS|TAMS 0x0000000087d00000, 0x0000000087d00000| Complete 
| 126|0x0000000087e00000, 0x0000000087f00000, 0x0000000087f00000|100%| E|CS|TAMS 0x0000000087e00000, 0x0000000087e00000| Complete 
| 127|0x0000000087f00000, 0x0000000088000000, 0x0000000088000000|100%| E|CS|TAMS 0x0000000087f00000, 0x0000000087f00000| Complete 
| 128|0x0000000088000000, 0x0000000088100000, 0x0000000088100000|100%| E|CS|TAMS 0x0000000088000000, 0x0000000088000000| Complete 
| 129|0x0000000088100000, 0x0000000088200000, 0x0000000088200000|100%| E|CS|TAMS 0x0000000088100000, 0x0000000088100000| Complete 
| 130|0x0000000088200000, 0x0000000088300000, 0x0000000088300000|100%| E|CS|TAMS 0x0000000088200000, 0x0000000088200000| Complete 
| 131|0x0000000088300000, 0x0000000088400000, 0x0000000088400000|100%| E|CS|TAMS 0x0000000088300000, 0x0000000088300000| Complete 
| 132|0x0000000088400000, 0x0000000088500000, 0x0000000088500000|100%| E|CS|TAMS 0x0000000088400000, 0x0000000088400000| Complete 
| 133|0x0000000088500000, 0x0000000088600000, 0x0000000088600000|100%| E|CS|TAMS 0x0000000088500000, 0x0000000088500000| Complete 
| 134|0x0000000088600000, 0x0000000088700000, 0x0000000088700000|100%| E|CS|TAMS 0x0000000088600000, 0x0000000088600000| Complete 
| 135|0x0000000088700000, 0x0000000088800000, 0x0000000088800000|100%| E|CS|TAMS 0x0000000088700000, 0x0000000088700000| Complete 
| 136|0x0000000088800000, 0x0000000088900000, 0x0000000088900000|100%| E|CS|TAMS 0x0000000088800000, 0x0000000088800000| Complete 
| 137|0x0000000088900000, 0x0000000088a00000, 0x0000000088a00000|100%| E|CS|TAMS 0x0000000088900000, 0x0000000088900000| Complete 
| 138|0x0000000088a00000, 0x0000000088b00000, 0x0000000088b00000|100%| E|CS|TAMS 0x0000000088a00000, 0x0000000088a00000| Complete 
| 139|0x0000000088b00000, 0x0000000088c00000, 0x0000000088c00000|100%| E|CS|TAMS 0x0000000088b00000, 0x0000000088b00000| Complete 
| 140|0x0000000088c00000, 0x0000000088d00000, 0x0000000088d00000|100%| E|CS|TAMS 0x0000000088c00000, 0x0000000088c00000| Complete 
| 141|0x0000000088d00000, 0x0000000088e00000, 0x0000000088e00000|100%| E|CS|TAMS 0x0000000088d00000, 0x0000000088d00000| Complete 
| 142|0x0000000088e00000, 0x0000000088f00000, 0x0000000088f00000|100%| E|CS|TAMS 0x0000000088e00000, 0x0000000088e00000| Complete 
| 143|0x0000000088f00000, 0x0000000089000000, 0x0000000089000000|100%| E|CS|TAMS 0x0000000088f00000, 0x0000000088f00000| Complete 
| 144|0x0000000089000000, 0x0000000089100000, 0x0000000089100000|100%| E|CS|TAMS 0x0000000089000000, 0x0000000089000000| Complete 
| 145|0x0000000089100000, 0x0000000089200000, 0x0000000089200000|100%| E|CS|TAMS 0x0000000089100000, 0x0000000089100000| Complete 
| 146|0x0000000089200000, 0x0000000089300000, 0x0000000089300000|100%| E|CS|TAMS 0x0000000089200000, 0x0000000089200000| Complete 
| 147|0x0000000089300000, 0x0000000089400000, 0x0000000089400000|100%| E|CS|TAMS 0x0000000089300000, 0x0000000089300000| Complete 
| 148|0x0000000089400000, 0x0000000089500000, 0x0000000089500000|100%| E|CS|TAMS 0x0000000089400000, 0x0000000089400000| Complete 
| 149|0x0000000089500000, 0x0000000089600000, 0x0000000089600000|100%| E|CS|TAMS 0x0000000089500000, 0x0000000089500000| Complete 
| 150|0x0000000089600000, 0x0000000089700000, 0x0000000089700000|100%| E|  |TAMS 0x0000000089600000, 0x0000000089600000| Complete 
| 151|0x0000000089700000, 0x0000000089800000, 0x0000000089800000|100%| E|CS|TAMS 0x0000000089700000, 0x0000000089700000| Complete 
| 152|0x0000000089800000, 0x0000000089900000, 0x0000000089900000|100%| E|CS|TAMS 0x0000000089800000, 0x0000000089800000| Complete 
| 153|0x0000000089900000, 0x0000000089a00000, 0x0000000089a00000|100%| E|CS|TAMS 0x0000000089900000, 0x0000000089900000| Complete 
| 154|0x0000000089a00000, 0x0000000089b00000, 0x0000000089b00000|100%| E|CS|TAMS 0x0000000089a00000, 0x0000000089a00000| Complete 
| 155|0x0000000089b00000, 0x0000000089c00000, 0x0000000089c00000|100%| E|CS|TAMS 0x0000000089b00000, 0x0000000089b00000| Complete 
| 156|0x0000000089c00000, 0x0000000089d00000, 0x0000000089d00000|100%| E|CS|TAMS 0x0000000089c00000, 0x0000000089c00000| Complete 
| 157|0x0000000089d00000, 0x0000000089e00000, 0x0000000089e00000|100%| E|CS|TAMS 0x0000000089d00000, 0x0000000089d00000| Complete 
| 158|0x0000000089e00000, 0x0000000089f00000, 0x0000000089f00000|100%| E|CS|TAMS 0x0000000089e00000, 0x0000000089e00000| Complete 
| 159|0x0000000089f00000, 0x000000008a000000, 0x000000008a000000|100%| E|CS|TAMS 0x0000000089f00000, 0x0000000089f00000| Complete 
| 160|0x000000008a000000, 0x000000008a100000, 0x000000008a100000|100%| E|CS|TAMS 0x000000008a000000, 0x000000008a000000| Complete 
| 161|0x000000008a100000, 0x000000008a200000, 0x000000008a200000|100%| E|CS|TAMS 0x000000008a100000, 0x000000008a100000| Complete 
| 162|0x000000008a200000, 0x000000008a300000, 0x000000008a300000|100%| E|CS|TAMS 0x000000008a200000, 0x000000008a200000| Complete 
| 163|0x000000008a300000, 0x000000008a400000, 0x000000008a400000|100%| E|CS|TAMS 0x000000008a300000, 0x000000008a300000| Complete 
| 164|0x000000008a400000, 0x000000008a500000, 0x000000008a500000|100%| E|CS|TAMS 0x000000008a400000, 0x000000008a400000| Complete 
| 165|0x000000008a500000, 0x000000008a600000, 0x000000008a600000|100%| E|CS|TAMS 0x000000008a500000, 0x000000008a500000| Complete 
| 166|0x000000008a600000, 0x000000008a700000, 0x000000008a700000|100%| E|CS|TAMS 0x000000008a600000, 0x000000008a600000| Complete 
| 167|0x000000008a700000, 0x000000008a800000, 0x000000008a800000|100%| E|CS|TAMS 0x000000008a700000, 0x000000008a700000| Complete 
| 168|0x000000008a800000, 0x000000008a900000, 0x000000008a900000|100%| E|CS|TAMS 0x000000008a800000, 0x000000008a800000| Complete 
| 233|0x000000008e900000, 0x000000008ea00000, 0x000000008ea00000|100%| E|CS|TAMS 0x000000008e900000, 0x000000008e900000| Complete 
| 234|0x000000008ea00000, 0x000000008eb00000, 0x000000008eb00000|100%| E|CS|TAMS 0x000000008ea00000, 0x000000008ea00000| Complete 
| 235|0x000000008eb00000, 0x000000008ec00000, 0x000000008ec00000|100%| E|CS|TAMS 0x000000008eb00000, 0x000000008eb00000| Complete 
| 236|0x000000008ec00000, 0x000000008ed00000, 0x000000008ed00000|100%| E|CS|TAMS 0x000000008ec00000, 0x000000008ec00000| Complete 
| 237|0x000000008ed00000, 0x000000008ee00000, 0x000000008ee00000|100%| E|CS|TAMS 0x000000008ed00000, 0x000000008ed00000| Complete 
| 238|0x000000008ee00000, 0x000000008ef00000, 0x000000008ef00000|100%| E|CS|TAMS 0x000000008ee00000, 0x000000008ee00000| Complete 
| 239|0x000000008ef00000, 0x000000008f000000, 0x000000008f000000|100%| E|CS|TAMS 0x000000008ef00000, 0x000000008ef00000| Complete 
| 240|0x000000008f000000, 0x000000008f0b1f00, 0x000000008f100000| 69%| S|CS|TAMS 0x000000008f000000, 0x000000008f000000| Complete 
| 287|0x0000000091f00000, 0x0000000092000000, 0x0000000092000000|100%| E|CS|TAMS 0x0000000091f00000, 0x0000000091f00000| Complete 

Card table byte_map: [0x0000026668c80000,0x0000026669080000] _byte_map_base: 0x0000026668880000

Marking Bits (Prev, Next): (CMBitMap*) 0x00000266564086b0, (CMBitMap*) 0x00000266564086f0
 Prev Bits: [0x0000026669480000, 0x000002666b480000)
 Next Bits: [0x000002666b480000, 0x000002666d480000)

Polling page: 0x0000026654270000

Metaspace:

Usage:
  Non-class:     42.16 MB used.
      Class:      6.60 MB used.
       Both:     48.76 MB used.

Virtual space:
  Non-class space:       64.00 MB reserved,      42.38 MB ( 66%) committed,  1 nodes.
      Class space:        1.00 GB reserved,       6.81 MB ( <1%) committed,  1 nodes.
             Both:        1.06 GB reserved,      49.19 MB (  5%) committed. 

Chunk freelists:
   Non-Class:  5.22 MB
       Class:  9.16 MB
        Both:  14.38 MB

MaxMetaspaceSize: unlimited
CompressedClassSpaceSize: 1.00 GB
Initial GC threshold: 21.00 MB
Current GC threshold: 59.06 MB
CDS: off
MetaspaceReclaimPolicy: balanced
 - commit_granule_bytes: 65536.
 - commit_granule_words: 8192.
 - virtual_space_node_default_size: 8388608.
 - enlarge_chunks_in_place: 1.
 - new_chunks_are_fully_committed: 0.
 - uncommit_free_chunks: 1.
 - use_allocation_guard: 0.
 - handle_deallocations: 1.


Internal statistics:

num_allocs_failed_limit: 6.
num_arena_births: 462.
num_arena_deaths: 0.
num_vsnodes_births: 2.
num_vsnodes_deaths: 0.
num_space_committed: 787.
num_space_uncommitted: 0.
num_chunks_returned_to_freelist: 6.
num_chunks_taken_from_freelist: 1987.
num_chunk_merges: 6.
num_chunk_splits: 1348.
num_chunks_enlarged: 945.
num_inconsistent_stats: 0.

CodeHeap 'non-profiled nmethods': size=120000Kb used=2596Kb max_used=2596Kb free=117404Kb
 bounds [0x0000026661350000, 0x00000266615e0000, 0x0000026668880000]
CodeHeap 'profiled nmethods': size=120000Kb used=8889Kb max_used=8889Kb free=111110Kb
 bounds [0x0000026659880000, 0x000002665a130000, 0x0000026660db0000]
CodeHeap 'non-nmethods': size=5760Kb used=1610Kb max_used=1700Kb free=4149Kb
 bounds [0x0000026660db0000, 0x0000026661020000, 0x0000026661350000]
 total_blobs=4997 nmethods=4319 adapters=590
 compilation: enabled
              stopped_count=0, restarted_count=0
 full_count=0

Compilation events (20 events):
Event: 11.835 Thread 0x000002666fa969b0 4149       4       java.util.ArrayList::elementData (7 bytes)
Event: 11.835 Thread 0x000002666fa9b140 4151       3       org.antlr.v4.runtime.atn.SemanticContext$Predicate::hashCode (47 bytes)
Event: 11.836 Thread 0x000002666fa9b140 nmethod 4151 0x000002665a0e0290 code [0x000002665a0e0460, 0x000002665a0e0758]
Event: 11.836 Thread 0x000002666fa969b0 nmethod 4149 0x00000266615cd610 code [0x00000266615cd780, 0x00000266615cd838]
Event: 11.837 Thread 0x000002666fa969b0 4152       4       java.lang.ClassLoader::getNamedPackage (73 bytes)
Event: 11.839 Thread 0x0000026674e61ce0 nmethod 4143 0x00000266615cd910 code [0x00000266615cdac0, 0x00000266615ce238]
Event: 11.840 Thread 0x000002666fa9b140 4153       1       org.antlr.v4.runtime.atn.EpsilonTransition::getSerializationType (2 bytes)
Event: 11.840 Thread 0x000002666fa9b140 nmethod 4153 0x00000266615ce590 code [0x00000266615ce720, 0x00000266615ce7f8]
Event: 11.846 Thread 0x000002666fa9b140 4154       3       org.antlr.v4.runtime.atn.ATNConfig::<init> (37 bytes)
Event: 11.846 Thread 0x000002666fa9b140 nmethod 4154 0x000002665a0e0890 code [0x000002665a0e0a40, 0x000002665a0e0cd8]
Event: 11.846 Thread 0x000002666fa9b140 4155       3       org.antlr.v4.runtime.atn.LexerATNSimulator::closure (298 bytes)
Event: 11.847 Thread 0x0000026674e61ce0 4158       4       java.util.ArrayList$Itr::<init> (26 bytes)
Event: 11.849 Thread 0x000002666fa9b140 nmethod 4155 0x000002665a0e0e10 code [0x000002665a0e1180, 0x000002665a0e2e88]
Event: 11.849 Thread 0x000002666fa9b140 4156       3       org.antlr.v4.runtime.atn.LexerATNSimulator::getEpsilonTarget (288 bytes)
Event: 11.850 Thread 0x000002666fa9b140 nmethod 4156 0x000002665a0e3710 code [0x000002665a0e3a00, 0x000002665a0e4cf8]
Event: 11.850 Thread 0x000002666fa9b140 4157       3       org.antlr.v4.runtime.atn.LexerATNConfig::checkNonGreedyDecision (30 bytes)
Event: 11.850 Thread 0x0000026674e61ce0 nmethod 4158 0x00000266615ce890 code [0x00000266615cea00, 0x00000266615ceb98]
Event: 11.850 Thread 0x0000026674e61ce0 4159       4       org.antlr.v4.runtime.misc.MurmurHash::finish (39 bytes)
Event: 11.851 Thread 0x0000026674e61ce0 nmethod 4159 0x00000266615cec10 code [0x00000266615ced80, 0x00000266615cee18]
Event: 11.851 Thread 0x000002666fa9b140 nmethod 4157 0x000002665a0e5390 code [0x000002665a0e5540, 0x000002665a0e58d8]

GC Heap History (20 events):
Event: 1.589 GC heap before
{Heap before GC invocations=1 (full 0):
 garbage-first heap   total 294912K, used 24465K [0x0000000080000000, 0x0000000100000000)
  region size 1024K, 18 young (18432K), 2 survivors (2048K)
 Metaspace       used 11424K, committed 11584K, reserved 1114112K
  class space    used 1196K, committed 1280K, reserved 1048576K
}
Event: 1.593 GC heap after
{Heap after GC invocations=2 (full 0):
 garbage-first heap   total 294912K, used 10689K [0x0000000080000000, 0x0000000100000000)
  region size 1024K, 3 young (3072K), 3 survivors (3072K)
 Metaspace       used 11424K, committed 11584K, reserved 1114112K
  class space    used 1196K, committed 1280K, reserved 1048576K
}
Event: 2.241 GC heap before
{Heap before GC invocations=2 (full 0):
 garbage-first heap   total 294912K, used 33217K [0x0000000080000000, 0x0000000100000000)
  region size 1024K, 25 young (25600K), 3 survivors (3072K)
 Metaspace       used 11514K, committed 11648K, reserved 1114112K
  class space    used 1197K, committed 1280K, reserved 1048576K
}
Event: 2.244 GC heap after
{Heap after GC invocations=3 (full 0):
 garbage-first heap   total 294912K, used 11851K [0x0000000080000000, 0x0000000100000000)
  region size 1024K, 2 young (2048K), 2 survivors (2048K)
 Metaspace       used 11514K, committed 11648K, reserved 1114112K
  class space    used 1197K, committed 1280K, reserved 1048576K
}
Event: 4.895 GC heap before
{Heap before GC invocations=3 (full 0):
 garbage-first heap   total 294912K, used 56907K [0x0000000080000000, 0x0000000100000000)
  region size 1024K, 47 young (48128K), 2 survivors (2048K)
 Metaspace       used 21307K, committed 21504K, reserved 1114112K
  class space    used 2518K, committed 2624K, reserved 1048576K
}
Event: 4.903 GC heap after
{Heap after GC invocations=4 (full 0):
 garbage-first heap   total 294912K, used 18690K [0x0000000080000000, 0x0000000100000000)
  region size 1024K, 8 young (8192K), 8 survivors (8192K)
 Metaspace       used 21307K, committed 21504K, reserved 1114112K
  class space    used 2518K, committed 2624K, reserved 1048576K
}
Event: 6.140 GC heap before
{Heap before GC invocations=5 (full 0):
 garbage-first heap   total 68608K, used 50434K [0x0000000080000000, 0x0000000100000000)
  region size 1024K, 40 young (40960K), 8 survivors (8192K)
 Metaspace       used 26437K, committed 26688K, reserved 1114112K
  class space    used 3401K, committed 3520K, reserved 1048576K
}
Event: 6.149 GC heap after
{Heap after GC invocations=6 (full 0):
 garbage-first heap   total 68608K, used 20445K [0x0000000080000000, 0x0000000100000000)
  region size 1024K, 2 young (2048K), 2 survivors (2048K)
 Metaspace       used 26437K, committed 26688K, reserved 1114112K
  class space    used 3401K, committed 3520K, reserved 1048576K
}
Event: 6.183 GC heap before
{Heap before GC invocations=6 (full 0):
 garbage-first heap   total 68608K, used 20445K [0x0000000080000000, 0x0000000100000000)
  region size 1024K, 3 young (3072K), 2 survivors (2048K)
 Metaspace       used 26560K, committed 26816K, reserved 1114112K
  class space    used 3425K, committed 3520K, reserved 1048576K
}
Event: 6.187 GC heap after
{Heap after GC invocations=7 (full 0):
 garbage-first heap   total 68608K, used 20934K [0x0000000080000000, 0x0000000100000000)
  region size 1024K, 1 young (1024K), 1 survivors (1024K)
 Metaspace       used 26560K, committed 26816K, reserved 1114112K
  class space    used 3425K, committed 3520K, reserved 1048576K
}
Event: 7.117 GC heap before
{Heap before GC invocations=7 (full 0):
 garbage-first heap   total 68608K, used 48582K [0x0000000080000000, 0x0000000100000000)
  region size 1024K, 28 young (28672K), 1 survivors (1024K)
 Metaspace       used 30350K, committed 30592K, reserved 1114112K
  class space    used 4032K, committed 4160K, reserved 1048576K
}
Event: 7.122 GC heap after
{Heap after GC invocations=8 (full 0):
 garbage-first heap   total 68608K, used 22499K [0x0000000080000000, 0x0000000100000000)
  region size 1024K, 2 young (2048K), 2 survivors (2048K)
 Metaspace       used 30350K, committed 30592K, reserved 1114112K
  class space    used 4032K, committed 4160K, reserved 1048576K
}
Event: 8.000 GC heap before
{Heap before GC invocations=8 (full 0):
 garbage-first heap   total 68608K, used 51171K [0x0000000080000000, 0x0000000100000000)
  region size 1024K, 30 young (30720K), 2 survivors (2048K)
 Metaspace       used 33775K, committed 34112K, reserved 1114112K
  class space    used 4598K, committed 4736K, reserved 1048576K
}
Event: 8.009 GC heap after
{Heap after GC invocations=9 (full 0):
 garbage-first heap   total 68608K, used 23295K [0x0000000080000000, 0x0000000100000000)
  region size 1024K, 3 young (3072K), 3 survivors (3072K)
 Metaspace       used 33775K, committed 34112K, reserved 1114112K
  class space    used 4598K, committed 4736K, reserved 1048576K
}
Event: 8.344 GC heap before
{Heap before GC invocations=9 (full 0):
 garbage-first heap   total 68608K, used 33535K [0x0000000080000000, 0x0000000100000000)
  region size 1024K, 15 young (15360K), 3 survivors (3072K)
 Metaspace       used 35834K, committed 36160K, reserved 1114112K
  class space    used 4890K, committed 5056K, reserved 1048576K
}
Event: 8.354 GC heap after
{Heap after GC invocations=10 (full 0):
 garbage-first heap   total 68608K, used 24021K [0x0000000080000000, 0x0000000100000000)
  region size 1024K, 2 young (2048K), 2 survivors (2048K)
 Metaspace       used 35834K, committed 36160K, reserved 1114112K
  class space    used 4890K, committed 5056K, reserved 1048576K
}
Event: 9.250 GC heap before
{Heap before GC invocations=11 (full 0):
 garbage-first heap   total 68608K, used 52693K [0x0000000080000000, 0x0000000100000000)
  region size 1024K, 31 young (31744K), 2 survivors (2048K)
 Metaspace       used 40997K, committed 41344K, reserved 1114112K
  class space    used 5421K, committed 5568K, reserved 1048576K
}
Event: 9.259 GC heap after
{Heap after GC invocations=12 (full 0):
 garbage-first heap   total 68608K, used 28120K [0x0000000080000000, 0x0000000100000000)
  region size 1024K, 4 young (4096K), 4 survivors (4096K)
 Metaspace       used 40997K, committed 41344K, reserved 1114112K
  class space    used 5421K, committed 5568K, reserved 1048576K
}
Event: 9.266 GC heap before
{Heap before GC invocations=12 (full 0):
 garbage-first heap   total 68608K, used 29144K [0x0000000080000000, 0x0000000100000000)
  region size 1024K, 5 young (5120K), 4 survivors (4096K)
 Metaspace       used 40997K, committed 41344K, reserved 1114112K
  class space    used 5421K, committed 5568K, reserved 1048576K
}
Event: 9.274 GC heap after
{Heap after GC invocations=13 (full 0):
 garbage-first heap   total 182272K, used 28392K [0x0000000080000000, 0x0000000100000000)
  region size 1024K, 1 young (1024K), 1 survivors (1024K)
 Metaspace       used 40997K, committed 41344K, reserved 1114112K
  class space    used 5421K, committed 5568K, reserved 1048576K
}

Dll operation events (3 events):
Event: 0.011 Loaded shared library C:\Program Files\Android\Android Studio1\jbr\bin\java.dll
Event: 0.200 Loaded shared library C:\Program Files\Android\Android Studio1\jbr\bin\zip.dll
Event: 0.741 Loaded shared library C:\Program Files\Android\Android Studio1\jbr\bin\verify.dll

Deoptimization events (20 events):
Event: 11.201 Thread 0x00000266763a8050 Uncommon trap: trap_request=0xffffff45 fr.pc=0x00000266613ada34 relative=0x0000000000000134
Event: 11.201 Thread 0x00000266763a8050 Uncommon trap: reason=unstable_if action=reinterpret pc=0x00000266613ada34 method=java.net.URI.match(CJJ)Z @ 45 c2
Event: 11.201 Thread 0x00000266763a8050 DEOPT PACKING pc=0x00000266613ada34 sp=0x0000006a0d4f9ea0
Event: 11.201 Thread 0x00000266763a8050 DEOPT UNPACKING pc=0x0000026660e069a3 sp=0x0000006a0d4f9dd8 mode 2
Event: 11.207 Thread 0x00000266763a8050 Uncommon trap: trap_request=0xffffff45 fr.pc=0x00000266613788a8 relative=0x00000000000000a8
Event: 11.207 Thread 0x00000266763a8050 Uncommon trap: reason=unstable_if action=reinterpret pc=0x00000266613788a8 method=java.net.URI.match(CJJ)Z @ 45 c2
Event: 11.207 Thread 0x00000266763a8050 DEOPT PACKING pc=0x00000266613788a8 sp=0x0000006a0d4f9e30
Event: 11.207 Thread 0x00000266763a8050 DEOPT UNPACKING pc=0x0000026660e069a3 sp=0x0000006a0d4f9de0 mode 2
Event: 11.619 Thread 0x00000266763a8050 Uncommon trap: trap_request=0xffffffde fr.pc=0x0000026661490a98 relative=0x0000000000000078
Event: 11.619 Thread 0x00000266763a8050 Uncommon trap: reason=class_check action=maybe_recompile pc=0x0000026661490a98 method=java.util.Collections$SetFromMap.remove(Ljava/lang/Object;)Z @ 5 c2
Event: 11.619 Thread 0x00000266763a8050 DEOPT PACKING pc=0x0000026661490a98 sp=0x0000006a0d4fa820
Event: 11.619 Thread 0x00000266763a8050 DEOPT UNPACKING pc=0x0000026660e069a3 sp=0x0000006a0d4fa7b8 mode 2
Event: 11.664 Thread 0x00000266763a8050 Uncommon trap: trap_request=0xffffffde fr.pc=0x0000026661490a98 relative=0x0000000000000078
Event: 11.664 Thread 0x00000266763a8050 Uncommon trap: reason=class_check action=maybe_recompile pc=0x0000026661490a98 method=java.util.Collections$SetFromMap.remove(Ljava/lang/Object;)Z @ 5 c2
Event: 11.664 Thread 0x00000266763a8050 DEOPT PACKING pc=0x0000026661490a98 sp=0x0000006a0d4faa70
Event: 11.664 Thread 0x00000266763a8050 DEOPT UNPACKING pc=0x0000026660e069a3 sp=0x0000006a0d4faa08 mode 2
Event: 11.664 Thread 0x00000266763a8050 Uncommon trap: trap_request=0xffffffc6 fr.pc=0x00000266614f56b0 relative=0x0000000000000430
Event: 11.664 Thread 0x00000266763a8050 Uncommon trap: reason=bimorphic_or_optimized_type_check action=maybe_recompile pc=0x00000266614f56b0 method=java.util.Spliterators$IteratorSpliterator.tryAdvance(Ljava/util/function/Consumer;)Z @ 50 c2
Event: 11.664 Thread 0x00000266763a8050 DEOPT PACKING pc=0x00000266614f56b0 sp=0x0000006a0d4fb540
Event: 11.664 Thread 0x00000266763a8050 DEOPT UNPACKING pc=0x0000026660e069a3 sp=0x0000006a0d4fb4e0 mode 2

Classes unloaded (0 events):
No events

Classes redefined (0 events):
No events

Internal exceptions (20 events):
Event: 9.972 Thread 0x00000266763a8050 Exception <a 'java/lang/NoSuchMethodError'{0x00000000893bee50}: 'int java.lang.invoke.DirectMethodHandle$Holder.invokeInterface(java.lang.Object, java.lang.Object)'> (0x00000000893bee50) 
thrown [s\src\hotspot\share\interpreter\linkResolver.cpp, line 771]
Event: 10.155 Thread 0x00000266763a8050 Exception <a 'java/lang/IncompatibleClassChangeError'{0x00000000890f60e0}: Found class java.lang.Object, but interface was expected> (0x00000000890f60e0) 
thrown [s\src\hotspot\share\interpreter\linkResolver.cpp, line 838]
Event: 10.166 Thread 0x00000266763a8050 Exception <a 'java/lang/NoSuchMethodError'{0x0000000088fa70c0}: 'void java.lang.invoke.DirectMethodHandle$Holder.invokeStatic(java.lang.Object, java.lang.Object, java.lang.Object, java.lang.Object, java.lang.Object, java.lang.Object)'> (0x0000000088fa70c0) 
thrown [s\src\hotspot\share\interpreter\linkResolver.cpp, line 771]
Event: 10.200 Thread 0x00000266763a8050 Exception <a 'java/lang/NoSuchMethodError'{0x0000000088ede028}: 'int java.lang.invoke.DirectMethodHandle$Holder.invokeStaticInit(java.lang.Object, java.lang.Object, java.lang.Object, java.lang.Object, java.lang.Object)'> (0x0000000088ede028) 
thrown [s\src\hotspot\share\interpreter\linkResolver.cpp, line 771]
Event: 10.237 Thread 0x00000266763a8050 Exception <a 'java/lang/NoSuchMethodError'{0x0000000088deefa8}: 'java.lang.Object java.lang.invoke.DirectMethodHandle$Holder.invokeStatic(java.lang.Object, java.lang.Object, int, java.lang.Object)'> (0x0000000088deefa8) 
thrown [s\src\hotspot\share\interpreter\linkResolver.cpp, line 771]
Event: 10.238 Thread 0x00000266763a8050 Exception <a 'java/lang/NoSuchMethodError'{0x0000000088df6d48}: 'java.lang.Object java.lang.invoke.DirectMethodHandle$Holder.newInvokeSpecial(java.lang.Object, java.lang.Object, int, java.lang.Object)'> (0x0000000088df6d48) 
thrown [s\src\hotspot\share\interpreter\linkResolver.cpp, line 771]
Event: 10.239 Thread 0x00000266763a8050 Exception <a 'java/lang/NoSuchMethodError'{0x0000000088dfb8d8}: 'java.lang.Object java.lang.invoke.DirectMethodHandle$Holder.invokeSpecial(java.lang.Object, java.lang.Object, java.lang.Object, int, java.lang.Object)'> (0x0000000088dfb8d8) 
thrown [s\src\hotspot\share\interpreter\linkResolver.cpp, line 771]
Event: 10.535 Thread 0x00000266763a8050 Implicit null exception at 0x0000026661510fec to 0x0000026661511090
Event: 10.763 Thread 0x00000266763a8050 Exception <a 'java/lang/NoSuchMethodError'{0x0000000087d1f0a8}: 'void java.lang.invoke.DirectMethodHandle$Holder.invokeInterface(java.lang.Object, java.lang.Object)'> (0x0000000087d1f0a8) 
thrown [s\src\hotspot\share\interpreter\linkResolver.cpp, line 771]
Event: 10.764 Thread 0x00000266763a8050 Exception <a 'java/lang/IncompatibleClassChangeError'{0x0000000087d2a4d8}: Found class java.lang.Object, but interface was expected> (0x0000000087d2a4d8) 
thrown [s\src\hotspot\share\interpreter\linkResolver.cpp, line 838]
Event: 10.852 Thread 0x00000266763a8050 Exception <a 'java/lang/NoSuchMethodError'{0x0000000087bd4708}: 'java.lang.Object java.lang.invoke.DirectMethodHandle$Holder.newInvokeSpecial(java.lang.Object, int, java.lang.Object)'> (0x0000000087bd4708) 
thrown [s\src\hotspot\share\interpreter\linkResolver.cpp, line 771]
Event: 11.509 Thread 0x00000266763a8050 Exception <a 'sun/nio/fs/WindowsException'{0x0000000086b491c8}> (0x0000000086b491c8) 
thrown [s\src\hotspot\share\prims\jni.cpp, line 517]
Event: 11.509 Thread 0x00000266763a8050 Exception <a 'sun/nio/fs/WindowsException'{0x0000000086b49428}> (0x0000000086b49428) 
thrown [s\src\hotspot\share\prims\jni.cpp, line 517]
Event: 11.509 Thread 0x00000266763a8050 Exception <a 'sun/nio/fs/WindowsException'{0x0000000086b4bba0}> (0x0000000086b4bba0) 
thrown [s\src\hotspot\share\prims\jni.cpp, line 517]
Event: 11.509 Thread 0x00000266763a8050 Exception <a 'sun/nio/fs/WindowsException'{0x0000000086b4bef8}> (0x0000000086b4bef8) 
thrown [s\src\hotspot\share\prims\jni.cpp, line 517]
Event: 11.511 Thread 0x00000266763a8050 Exception <a 'java/lang/NoSuchMethodError'{0x0000000086b59738}: 'java.lang.Object java.lang.invoke.DirectMethodHandle$Holder.newInvokeSpecial(java.lang.Object, java.lang.Object, int)'> (0x0000000086b59738) 
thrown [s\src\hotspot\share\interpreter\linkResolver.cpp, line 771]
Event: 11.564 Thread 0x00000266763a8050 Exception <a 'sun/nio/fs/WindowsException'{0x0000000086ad3010}> (0x0000000086ad3010) 
thrown [s\src\hotspot\share\prims\jni.cpp, line 517]
Event: 11.564 Thread 0x00000266763a8050 Exception <a 'sun/nio/fs/WindowsException'{0x0000000086ad3368}> (0x0000000086ad3368) 
thrown [s\src\hotspot\share\prims\jni.cpp, line 517]
Event: 11.659 Thread 0x00000266763a8050 Exception <a 'java/lang/NoSuchMethodError'{0x00000000868d9328}: 'int java.lang.invoke.DirectMethodHandle$Holder.invokeStatic(java.lang.Object)'> (0x00000000868d9328) 
thrown [s\src\hotspot\share\interpreter\linkResolver.cpp, line 771]
Event: 11.659 Thread 0x00000266763a8050 Exception <a 'java/lang/NoSuchMethodError'{0x00000000868dd470}: 'int java.lang.invoke.DirectMethodHandle$Holder.invokeStaticInit(java.lang.Object)'> (0x00000000868dd470) 
thrown [s\src\hotspot\share\interpreter\linkResolver.cpp, line 771]

VM Operations (20 events):
Event: 9.012 Executing VM operation: HandshakeAllThreads
Event: 9.012 Executing VM operation: HandshakeAllThreads done
Event: 9.122 Executing VM operation: HandshakeAllThreads
Event: 9.122 Executing VM operation: HandshakeAllThreads done
Event: 9.250 Executing VM operation: G1CollectForAllocation
Event: 9.260 Executing VM operation: G1CollectForAllocation done
Event: 9.266 Executing VM operation: G1CollectForAllocation
Event: 9.275 Executing VM operation: G1CollectForAllocation done
Event: 9.904 Executing VM operation: HandshakeAllThreads
Event: 9.905 Executing VM operation: HandshakeAllThreads done
Event: 9.944 Executing VM operation: HandshakeAllThreads
Event: 9.944 Executing VM operation: HandshakeAllThreads done
Event: 10.149 Executing VM operation: ICBufferFull
Event: 10.149 Executing VM operation: ICBufferFull done
Event: 10.450 Executing VM operation: HandshakeAllThreads
Event: 10.450 Executing VM operation: HandshakeAllThreads done
Event: 11.459 Executing VM operation: Cleanup
Event: 11.460 Executing VM operation: Cleanup done
Event: 11.744 Executing VM operation: HandshakeAllThreads
Event: 11.744 Executing VM operation: HandshakeAllThreads done

Events (20 events):
Event: 11.310 loading class javax/naming/NamingException
Event: 11.310 loading class javax/naming/NamingException done
Event: 11.310 loading class javax/naming/InvalidNameException
Event: 11.310 loading class javax/naming/InvalidNameException done
Event: 11.310 loading class java/security/cert/CertificateParsingException
Event: 11.310 loading class java/security/cert/CertificateException
Event: 11.310 loading class java/security/cert/CertificateException done
Event: 11.310 loading class java/security/cert/CertificateParsingException done
Event: 11.669 loading class java/nio/channels/Channels
Event: 11.670 loading class java/nio/channels/Channels done
Event: 11.670 loading class sun/nio/ch/ChannelInputStream
Event: 11.670 loading class sun/nio/ch/ChannelInputStream done
Event: 11.676 loading class java/nio/channels/Channels$ReadableByteChannelImpl
Event: 11.677 loading class java/nio/channels/Channels$ReadableByteChannelImpl done
Event: 11.711 loading class java/util/EmptyStackException
Event: 11.711 loading class java/util/EmptyStackException done
Event: 11.719 loading class java/io/InvalidClassException
Event: 11.719 loading class java/io/InvalidClassException done
Event: 11.743 loading class java/util/ArrayList$ListItr
Event: 11.743 loading class java/util/ArrayList$ListItr done


Dynamic libraries:
0x00007ff694330000 - 0x00007ff69433a000 	C:\Program Files\Android\Android Studio1\jbr\bin\java.exe
0x00007ffcd4d90000 - 0x00007ffcd4fa6000 	C:\Windows\SYSTEM32\ntdll.dll
0x00007ffcd2ac0000 - 0x00007ffcd2b84000 	C:\Windows\System32\KERNEL32.DLL
0x00007ffcd20b0000 - 0x00007ffcd2457000 	C:\Windows\System32\KERNELBASE.dll
0x00007ffcd2680000 - 0x00007ffcd2791000 	C:\Windows\System32\ucrtbase.dll
0x00007ffcbb9e0000 - 0x00007ffcbb9f7000 	C:\Program Files\Android\Android Studio1\jbr\bin\jli.dll
0x00007ffcd4ac0000 - 0x00007ffcd4c6e000 	C:\Windows\System32\USER32.dll
0x00007ffcd29f0000 - 0x00007ffcd2a16000 	C:\Windows\System32\win32u.dll
0x00007ffcd4210000 - 0x00007ffcd4239000 	C:\Windows\System32\GDI32.dll
0x00007ffccdb00000 - 0x00007ffccdb1b000 	C:\Program Files\Android\Android Studio1\jbr\bin\VCRUNTIME140.dll
0x00007ffcd27a0000 - 0x00007ffcd28b9000 	C:\Windows\System32\gdi32full.dll
0x00007ffcd13a0000 - 0x00007ffcd1633000 	C:\Windows\WinSxS\amd64_microsoft.windows.common-controls_6595b64144ccf1df_6.0.22621.3235_none_270f74e173860f98\COMCTL32.dll
0x00007ffcd2ca0000 - 0x00007ffcd2d47000 	C:\Windows\System32\msvcrt.dll
0x00007ffcd2a20000 - 0x00007ffcd2aba000 	C:\Windows\System32\msvcp_win.dll
0x00007ffcd2b90000 - 0x00007ffcd2bc1000 	C:\Windows\System32\IMM32.DLL
0x00007ffcce200000 - 0x00007ffcce20c000 	C:\Program Files\Android\Android Studio1\jbr\bin\vcruntime140_1.dll
0x00007ffc8a420000 - 0x00007ffc8a4ad000 	C:\Program Files\Android\Android Studio1\jbr\bin\msvcp140.dll
0x00007ffc86a30000 - 0x00007ffc876b3000 	C:\Program Files\Android\Android Studio1\jbr\bin\server\jvm.dll
0x00007ffcd3450000 - 0x00007ffcd3502000 	C:\Windows\System32\ADVAPI32.dll
0x00007ffcd3ce0000 - 0x00007ffcd3d88000 	C:\Windows\System32\sechost.dll
0x00007ffcd2460000 - 0x00007ffcd2488000 	C:\Windows\System32\bcrypt.dll
0x00007ffcd4010000 - 0x00007ffcd4125000 	C:\Windows\System32\RPCRT4.dll
0x00007ffccc310000 - 0x00007ffccc319000 	C:\Windows\SYSTEM32\WSOCK32.dll
0x00007ffcd2d50000 - 0x00007ffcd2dc1000 	C:\Windows\System32\WS2_32.dll
0x00007ffcc9660000 - 0x00007ffcc9694000 	C:\Windows\SYSTEM32\WINMM.dll
0x00007ffccfeb0000 - 0x00007ffccfeba000 	C:\Windows\SYSTEM32\VERSION.dll
0x00007ffcd1f80000 - 0x00007ffcd1fcd000 	C:\Windows\SYSTEM32\POWRPROF.dll
0x00007ffcd1f60000 - 0x00007ffcd1f73000 	C:\Windows\SYSTEM32\UMPDC.dll
0x00007ffcd01b0000 - 0x00007ffcd01c8000 	C:\Windows\SYSTEM32\kernel.appcore.dll
0x00007ffcc9880000 - 0x00007ffcc988a000 	C:\Program Files\Android\Android Studio1\jbr\bin\jimage.dll
0x00007ffcd1930000 - 0x00007ffcd1b63000 	C:\Windows\SYSTEM32\DBGHELP.DLL
0x00007ffcd30c0000 - 0x00007ffcd3448000 	C:\Windows\System32\combase.dll
0x00007ffcd2dd0000 - 0x00007ffcd2ea7000 	C:\Windows\System32\OLEAUT32.dll
0x00007ffcd1820000 - 0x00007ffcd1852000 	C:\Windows\SYSTEM32\dbgcore.DLL
0x00007ffcd2600000 - 0x00007ffcd2679000 	C:\Windows\System32\bcryptPrimitives.dll
0x00007ffcbd280000 - 0x00007ffcbd28e000 	C:\Program Files\Android\Android Studio1\jbr\bin\instrument.dll
0x00007ffcbd300000 - 0x00007ffcbd325000 	C:\Program Files\Android\Android Studio1\jbr\bin\java.dll
0x00007ffcc3c00000 - 0x00007ffcc3c18000 	C:\Program Files\Android\Android Studio1\jbr\bin\zip.dll
0x00007ffcd4260000 - 0x00007ffcd4abc000 	C:\Windows\System32\SHELL32.dll
0x00007ffccf0a0000 - 0x00007ffccf999000 	C:\Windows\SYSTEM32\windows.storage.dll
0x00007ffccef60000 - 0x00007ffccf09e000 	C:\Windows\SYSTEM32\wintypes.dll
0x00007ffcd3be0000 - 0x00007ffcd3cd3000 	C:\Windows\System32\SHCORE.dll
0x00007ffcd2bd0000 - 0x00007ffcd2c2e000 	C:\Windows\System32\shlwapi.dll
0x00007ffcd1fe0000 - 0x00007ffcd2001000 	C:\Windows\SYSTEM32\profapi.dll
0x00007ffcbcba0000 - 0x00007ffcbcbb9000 	C:\Program Files\Android\Android Studio1\jbr\bin\net.dll
0x00007ffcc9930000 - 0x00007ffcc9a66000 	C:\Windows\SYSTEM32\WINHTTP.dll
0x00007ffcd05f0000 - 0x00007ffcd0659000 	C:\Windows\system32\mswsock.dll
0x00007ffcbcb80000 - 0x00007ffcbcb96000 	C:\Program Files\Android\Android Studio1\jbr\bin\nio.dll
0x00007ffcbd2f0000 - 0x00007ffcbd300000 	C:\Program Files\Android\Android Studio1\jbr\bin\verify.dll
0x00007ffc89620000 - 0x00007ffc89647000 	C:\Users\Alif Fikri\.gradle\native\c067742578af261105cb4f569cf0c3c89f3d7b1fecec35dd04571415982c5e48\windows-amd64\native-platform.dll
0x00007ffc6f320000 - 0x00007ffc6f464000 	C:\Users\Alif Fikri\.gradle\native\38dada09dfb8b06ba9b0570ebf7e218e3eb74d4ef43ca46872605cf95ebc2f47\windows-amd64\native-platform-file-events.dll
0x00007ffcc9870000 - 0x00007ffcc9879000 	C:\Program Files\Android\Android Studio1\jbr\bin\management.dll
0x00007ffcbd9c0000 - 0x00007ffcbd9cb000 	C:\Program Files\Android\Android Studio1\jbr\bin\management_ext.dll
0x00007ffcd3d90000 - 0x00007ffcd3d98000 	C:\Windows\System32\PSAPI.DLL
0x00007ffcd1c60000 - 0x00007ffcd1c7b000 	C:\Windows\SYSTEM32\CRYPTSP.dll
0x00007ffcd0110000 - 0x00007ffcd0145000 	C:\Windows\system32\rsaenh.dll
0x00007ffcd0710000 - 0x00007ffcd0738000 	C:\Windows\SYSTEM32\USERENV.dll
0x00007ffcd10c0000 - 0x00007ffcd10cc000 	C:\Windows\SYSTEM32\CRYPTBASE.dll
0x00007ffccfc40000 - 0x00007ffccfc6d000 	C:\Windows\SYSTEM32\IPHLPAPI.DLL
0x00007ffcd3da0000 - 0x00007ffcd3da9000 	C:\Windows\System32\NSI.dll
0x00007ffcc8eb0000 - 0x00007ffcc8ec9000 	C:\Windows\SYSTEM32\dhcpcsvc6.DLL
0x00007ffcc8d60000 - 0x00007ffcc8d7f000 	C:\Windows\SYSTEM32\dhcpcsvc.DLL
0x00007ffccfc70000 - 0x00007ffccfd69000 	C:\Windows\SYSTEM32\DNSAPI.dll
0x00007ffcc6c00000 - 0x00007ffcc6c08000 	C:\Windows\system32\wshunix.dll

dbghelp: loaded successfully - version: 4.0.5 - missing functions: none
symbol engine: initialized successfully - sym options: 0x614 - pdb path: .;C:\Program Files\Android\Android Studio1\jbr\bin;C:\Windows\SYSTEM32;C:\Windows\WinSxS\amd64_microsoft.windows.common-controls_6595b64144ccf1df_6.0.22621.3235_none_270f74e173860f98;C:\Program Files\Android\Android Studio1\jbr\bin\server;C:\Users\Alif Fikri\.gradle\native\c067742578af261105cb4f569cf0c3c89f3d7b1fecec35dd04571415982c5e48\windows-amd64;C:\Users\Alif Fikri\.gradle\native\38dada09dfb8b06ba9b0570ebf7e218e3eb74d4ef43ca46872605cf95ebc2f47\windows-amd64

VM Arguments:
jvm_args: --add-opens=java.base/java.util=ALL-UNNAMED --add-opens=java.base/java.lang=ALL-UNNAMED --add-opens=java.base/java.lang.invoke=ALL-UNNAMED --add-opens=java.prefs/java.util.prefs=ALL-UNNAMED --add-opens=java.base/java.nio.charset=ALL-UNNAMED --add-opens=java.base/java.net=ALL-UNNAMED --add-opens=java.base/java.util.concurrent.atomic=ALL-UNNAMED -Xmx2048m -Dfile.encoding=UTF-8 -Duser.country=US -Duser.language=en -Duser.variant -javaagent:C:\Users\Alif Fikri\.gradle\wrapper\dists\gradle-8.4-bin\1w5dpkrfk8irigvoxmyhowfim\gradle-8.4\lib\agents\gradle-instrumentation-agent-8.4.jar 
java_command: org.gradle.launcher.daemon.bootstrap.GradleDaemon 8.4
java_class_path (initial): C:\Users\Alif Fikri\.gradle\wrapper\dists\gradle-8.4-bin\1w5dpkrfk8irigvoxmyhowfim\gradle-8.4\lib\gradle-launcher-8.4.jar
Launcher Type: SUN_STANDARD

[Global flags]
     intx CICompilerCount                          = 3                                         {product} {ergonomic}
     uint ConcGCThreads                            = 1                                         {product} {ergonomic}
     uint G1ConcRefinementThreads                  = 4                                         {product} {ergonomic}
   size_t G1HeapRegionSize                         = 1048576                                   {product} {ergonomic}
    uintx GCDrainStackTargetSize                   = 64                                        {product} {ergonomic}
   size_t InitialHeapSize                          = 301989888                                 {product} {ergonomic}
   size_t MarkStackSize                            = 4194304                                   {product} {ergonomic}
   size_t MaxHeapSize                              = 2147483648                                {product} {command line}
   size_t MaxNewSize                               = 1287651328                                {product} {ergonomic}
   size_t MinHeapDeltaBytes                        = 1048576                                   {product} {ergonomic}
   size_t MinHeapSize                              = 8388608                                   {product} {ergonomic}
    uintx NonNMethodCodeHeapSize                   = 5832780                                {pd product} {ergonomic}
    uintx NonProfiledCodeHeapSize                  = 122912730                              {pd product} {ergonomic}
    uintx ProfiledCodeHeapSize                     = 122912730                              {pd product} {ergonomic}
    uintx ReservedCodeCacheSize                    = 251658240                              {pd product} {ergonomic}
     bool SegmentedCodeCache                       = true                                      {product} {ergonomic}
   size_t SoftMaxHeapSize                          = 2147483648                             {manageable} {ergonomic}
     bool UseCompressedClassPointers               = true                           {product lp64_product} {ergonomic}
     bool UseCompressedOops                        = true                           {product lp64_product} {ergonomic}
     bool UseG1GC                                  = true                                      {product} {ergonomic}
     bool UseLargePagesIndividualAllocation        = false                                  {pd product} {ergonomic}

Logging:
Log output configuration:
 #0: stdout all=warning uptime,level,tags
 #1: stderr all=off uptime,level,tags

Environment Variables:
JAVA_HOME=C:\Program Files\Java\jdk-19
PATH=C:\Program Files\Common Files\Oracle\Java\javapath;C:\Windows\system32;C:\Windows;C:\Windows\System32\Wbem;C:\Windows\System32\WindowsPowerShell\v1.0\;C:\Windows\System32\OpenSSH\;C:\Program Files\MATLAB\R2016a\runtime\win64;C:\Program Files\MATLAB\R2016a\bin;C:\Program Files\MATLAB\R2016a\polyspace\bin;C:\Program Files\Git\cmd;C:\Users\Alif Fikri\AppData\Local\Programs\Python\Python312\Scripts\;C:\Users\Alif Fikri\AppData\Local\Programs\Python\Python312\;C:\Users\Alif Fikri\AppData\Local\Programs\Python\Launcher\;C:\Users\Alif Fikri\AppData\Local\Microsoft\WindowsApps;C:\Users\Alif Fikri\AppData\Local\Programs\Microsoft VS Code\bin;C:\Users\Alif Fikri\AppData\Local\GitHubDesktop\bin
USERNAME=Alif Fikri
OS=Windows_NT
PROCESSOR_IDENTIFIER=AMD64 Family 23 Model 24 Stepping 1, AuthenticAMD
TMP=C:\Users\ALIFFI~1\AppData\Local\Temp
TEMP=C:\Users\ALIFFI~1\AppData\Local\Temp



Periodic native trim disabled

JNI global refs:
JNI global refs: 24, weak refs: 0

JNI global refs memory usage: 843, weak refs: 841

OOME stack traces (most recent first):
Classloader memory used:
Loader org.gradle.internal.classloader.VisitableURLClassLoader                         : 3051K
Loader bootstrap                                                                       : 2342K
Loader org.gradle.initialization.MixInLegacyTypesClassLoader                           : 747K
Loader jdk.internal.loader.ClassLoaders$PlatformClassLoader                            : 65627B
Loader jdk.internal.loader.ClassLoaders$AppClassLoader                                 : 28451B
Loader jdk.internal.reflect.DelegatingClassLoader                                      : 3966B
Loader org.gradle.internal.classloader.VisitableURLClassLoader$InstrumentingVisitableURLClassLoader: 3569B

Classes loaded by more than one classloader:
Class org.gradle.internal.installation.GradleInstallation                             : loaded 2 times (x 73B)
Class org.gradle.internal.classpath.ClassPath                                         : loaded 2 times (x 68B)
Class org.gradle.api.internal.classpath.DefaultModuleRegistry                         : loaded 2 times (x 84B)
Class Settings_gradle$1$1                                                             : loaded 2 times (x 72B)
Class org.gradle.api.Action                                                           : loaded 2 times (x 68B)
Class org.gradle.api.internal.DefaultClassPathProvider                                : loaded 2 times (x 74B)
Class org.gradle.internal.installation.GradleInstallation$1                           : loaded 2 times (x 73B)
Class org.gradle.internal.classloader.FilteringClassLoader                            : loaded 2 times (x 103B)
Class org.gradle.internal.classpath.DefaultClassPath$ImmutableUniqueList$Builder      : loaded 2 times (x 73B)
Class org.gradle.internal.classloader.ClassLoaderVisitor                              : loaded 2 times (x 74B)
Class org.gradle.internal.service.DefaultServiceLocator                               : loaded 2 times (x 81B)
Class org.gradle.internal.service.UnknownServiceException                             : loaded 2 times (x 81B)
Class org.gradle.internal.classloader.DefaultClassLoaderFactory                       : loaded 2 times (x 80B)
Class org.gradle.internal.classloader.VisitableURLClassLoader$Spec                    : loaded 2 times (x 72B)
Class org.gradle.api.GradleException                                                  : loaded 2 times (x 80B)
Class org.gradle.api.internal.classpath.ModuleRegistry                                : loaded 2 times (x 68B)
Class org.gradle.api.internal.ClassPathProvider                                       : loaded 2 times (x 68B)
Class org.gradle.internal.classloader.ClasspathUtil$1                                 : loaded 2 times (x 74B)
Class org.gradle.internal.classloader.ClassLoaderFactory                              : loaded 2 times (x 68B)
Class org.gradle.api.internal.classpath.ManifestUtil                                  : loaded 2 times (x 69B)
Class org.gradle.api.specs.Spec                                                       : loaded 2 times (x 68B)
Class org.gradle.internal.IoActions                                                   : loaded 2 times (x 69B)
Class org.gradle.api.internal.classpath.EffectiveClassPath                            : loaded 2 times (x 88B)
Class org.gradle.internal.installation.CurrentGradleInstallation                      : loaded 2 times (x 71B)
Class org.gradle.internal.agents.InstrumentingClassLoader                             : loaded 2 times (x 68B)
Class org.gradle.internal.installation.CurrentGradleInstallationLocator               : loaded 2 times (x 69B)
Class org.gradle.api.internal.classpath.Module                                        : loaded 2 times (x 68B)
Class org.gradle.internal.service.CachingServiceLocator                               : loaded 2 times (x 80B)
Class org.gradle.internal.classpath.DefaultClassPath                                  : loaded 2 times (x 88B)
Class org.gradle.internal.classloader.SystemClassLoaderSpec                           : loaded 2 times (x 69B)
Class org.gradle.api.UncheckedIOException                                             : loaded 2 times (x 80B)
Class Program                                                                         : loaded 2 times (x 70B)
Class org.gradle.internal.classloader.ClasspathUtil                                   : loaded 2 times (x 69B)
Class org.gradle.api.internal.DefaultClassPathRegistry                                : loaded 2 times (x 74B)
Class org.gradle.api.internal.classpath.DefaultModuleRegistry$DefaultModule           : loaded 2 times (x 84B)
Class org.gradle.api.internal.classpath.UnknownModuleException                        : loaded 2 times (x 80B)
Class org.gradle.internal.service.ServiceLookupException                              : loaded 2 times (x 80B)
Class org.gradle.cache.GlobalCache                                                    : loaded 2 times (x 68B)
Class [Lorg.gradle.api.internal.ClassPathProvider;                                    : loaded 2 times (x 67B)
Class org.gradle.util.internal.GUtil                                                  : loaded 2 times (x 69B)
Class org.gradle.internal.classloader.ClassLoaderSpec                                 : loaded 2 times (x 69B)
Class org.gradle.internal.classloader.VisitableURLClassLoader                         : loaded 2 times (x 115B)
Class org.gradle.internal.Cast                                                        : loaded 2 times (x 69B)
Class org.gradle.api.internal.ClassPathRegistry                                       : loaded 2 times (x 68B)
Class org.gradle.internal.classloader.VisitableURLClassLoader$InstrumentingVisitableURLClassLoader: loaded 2 times (x 121B)
Class org.gradle.internal.classloader.ClassLoaderHierarchy                            : loaded 2 times (x 68B)
Class org.gradle.internal.InternalTransformer                                         : loaded 2 times (x 68B)
Class org.gradle.internal.service.ServiceLocator                                      : loaded 2 times (x 68B)
Class Settings_gradle$1                                                               : loaded 2 times (x 72B)
Class org.gradle.internal.classpath.DefaultClassPath$ImmutableUniqueList              : loaded 2 times (x 159B)
Class org.gradle.internal.classpath.TransformedClassPath                              : loaded 2 times (x 94B)
Class Settings_gradle                                                                 : loaded 2 times (x 126B)


---------------  S Y S T E M  ---------------

OS:
 Windows 11 , 64 bit Build 22621 (10.0.22621.3374)
OS uptime: 0 days 2:06 hours
Hyper-V role detected

CPU: total 4 (initial active 4) (4 cores per cpu, 2 threads per core) family 23 model 24 stepping 1 microcode 0x0, cx8, cmov, fxsr, ht, mmx, 3dnowpref, sse, sse2, sse3, ssse3, sse4a, sse4.1, sse4.2, popcnt, lzcnt, tsc, tscinvbit, avx, avx2, aes, clmul, bmi1, bmi2, adx, sha, fma, vzeroupper, clflush, clflushopt, hv
Processor Information for all 4 processors :
  Max Mhz: 2600, Current Mhz: 2600, Mhz Limit: 2600

Memory: 4k page, system-wide physical 18382M (8684M free)
TotalPageFile size 24270M (AvailPageFile size 13586M)
current process WorkingSet (physical memory assigned to process): 305M, peak: 305M
current process commit charge ("private bytes"): 375M, peak: 429M

vm_info: OpenJDK 64-Bit Server VM (17.0.9+0--11185874) for windows-amd64 JRE (17.0.9+0--11185874), built on Dec  6 2023 18:57:44 by "androidbuild" with MS VC++ 16.10 / 16.11 (VS2019)

END.
